<html>
<head>
<title>TestNG:  Regression Suite</title>
<link href="../testng.css" rel="stylesheet" type="text/css" />
<link href="../my-testng.css" rel="stylesheet" type="text/css" />

<style type="text/css">
.log { display: none;} 
.stack-trace { display: none;} 
</style>
<script type="text/javascript">
<!--
function flip(e) {
  current = e.style.display;
  if (current == 'block') {
    e.style.display = 'none';
    return 0;
  }
  else {
    e.style.display = 'block';
    return 1;
  }
}

function toggleBox(szDivId, elem, msg1, msg2)
{
  var res = -1;  if (document.getElementById) {
    res = flip(document.getElementById(szDivId));
  }
  else if (document.all) {
    // this is the way old msie versions work
    res = flip(document.all[szDivId]);
  }
  if(elem) {
    if(res == 0) elem.innerHTML = msg1; else elem.innerHTML = msg2;
  }

}

function toggleAllBoxes() {
  if (document.getElementsByTagName) {
    d = document.getElementsByTagName('div');
    for (i = 0; i < d.length; i++) {
      if (d[i].className == 'log') {
        flip(d[i]);
      }
    }
  }
}

// -->
</script>

</head>
<body>
<h2 align='center'>Regression Suite</h2><table border='1' align="center">
<tr>
<td>Tests passed/Failed/Skipped:</td><td>0/2/0</td>
</tr><tr>
<td>Started on:</td><td>Sun May 22 21:40:53 EDT 2022</td>
</tr>
<tr><td>Total time:</td><td>67 seconds (67347 ms)</td>
</tr><tr>
<td>Included groups:</td><td></td>
</tr><tr>
<td>Excluded groups:</td><td>jeeptest </td>
</tr>
</table><p/>
<small><i>(Hover the method name to see the test class name)</i></small><p/>
<table width='100%' border='1' class='invocation-failed'>
<tr><td colspan='4' align='center'><b>FAILED TESTS</b></td></tr>
<tr><td><b>Test method</b></td>
<td width="30%"><b>Exception</b></td>
<td width="10%"><b>Time (seconds)</b></td>
<td><b>Instance</b></td>
</tr>
<tr>
<td title='pncbank.com.qa.test.AutoTestRobust.jeeptest()'><b>jeeptest</b><br>Test class: pncbank.com.qa.test.AutoTestRobust<br/>
<a href="#Output-1014565006" onClick='toggleBox("Output-1014565006", this, "Show output", "Hide output");'>Show output</a>

<a href="#Output-1014565006" onClick="toggleAllBoxes();">Show all outputs</a>
<div class='log' id="Output-1014565006">
Element is Clicking :[[ChromeDriver: chrome on WINDOWS (1454fae2e4d65073d221497c2901c6ae)] -> xpath: (//p[@class='txt'])[1]]<br><br/>
Now this is the Current URL :https://www.progressive.com/home/home/#l<br><br/>
10462Value Passed to :[[ChromeDriver: chrome on WINDOWS (1454fae2e4d65073d221497c2901c6ae)] -> id: zipCode_overlay]<br><br/>
Now this is the Current URL :https://www.progressive.com/home/home/#l<br><br/>
Element is Clicking :[[ChromeDriver: chrome on WINDOWS (1454fae2e4d65073d221497c2901c6ae)] -> id: qsButton_overlay]<br><br/>
JamilValue Passed to :[[ChromeDriver: chrome on WINDOWS (1454fae2e4d65073d221497c2901c6ae)] -> id: NameAndAddressEdit_embedded_questions_list_FirstName]<br><br/>
MValue Passed to the :[[ChromeDriver: chrome on WINDOWS (1454fae2e4d65073d221497c2901c6ae)] -> id: NameAndAddressEdit_embedded_questions_list_MiddleInitial]<br><br/>
HasanValue Passed to :[[ChromeDriver: chrome on WINDOWS (1454fae2e4d65073d221497c2901c6ae)] -> id: NameAndAddressEdit_embedded_questions_list_LastName]<br><br/>
SRValue has been selected from the element :[[ChromeDriver: chrome on WINDOWS (1454fae2e4d65073d221497c2901c6ae)] -> id: NameAndAddressEdit_embedded_questions_list_Suffix]<br><br/>
12/30/1978Value Passed to :[[ChromeDriver: chrome on WINDOWS (1454fae2e4d65073d221497c2901c6ae)] -> id: NameAndAddressEdit_embedded_questions_list_DateOfBirth]<br><br/>
2230 Manning STValue Passed to :[[ChromeDriver: chrome on WINDOWS (1454fae2e4d65073d221497c2901c6ae)] -> id: NameAndAddressEdit_embedded_questions_list_MailingAddress]<br><br/>
3BValue Passed to :[[ChromeDriver: chrome on WINDOWS (1454fae2e4d65073d221497c2901c6ae)] -> id: NameAndAddressEdit_embedded_questions_list_ApartmentUnit]<br><br/>
BronxValue Passed to :[[ChromeDriver: chrome on WINDOWS (1454fae2e4d65073d221497c2901c6ae)] -> id: NameAndAddressEdit_embedded_questions_list_City]<br><br/>
Element is not Selected [[ChromeDriver: chrome on WINDOWS (1454fae2e4d65073d221497c2901c6ae)] -> tag name: checkbox-input]<br><br/>
Element is Clicking :[[ChromeDriver: chrome on WINDOWS (1454fae2e4d65073d221497c2901c6ae)] -> tag name: checkbox-input]<br><br/>
Element is Clicking :[[ChromeDriver: chrome on WINDOWS (1454fae2e4d65073d221497c2901c6ae)] -> xpath: //button[text()='Okay, start my quote.']]<br><br/>
By.xpath: (//div[contains(.,'Required to continue')])[4] : Element is Present<br><br/>
Now this is the Current URL :https://autoinsurance1.progressivedirect.com/0/UQA/Quote/NameAndAddressEdit<br><br/>
2230 Manning STValue Passed to :[[ChromeDriver: chrome on WINDOWS (1454fae2e4d65073d221497c2901c6ae)] -> id: NameAndAddressEdit_embedded_questions_list_MailingAddress]<br><br/>
By.xpath: (//div[contains(.,'Reqpuired to continue')])[5] : Element is Not Present<br><br/>
</div>
</td>
<td><div><pre>org.openqa.selenium.WebDriverException: chrome not reachable
  (Session info: chrome=101.0.4951.67)
Build info: version: &apos;4.1.3&apos;, revision: &apos;7b1ebf28ef&apos;
System info: host: &apos;LAPTOP-R8RR6QSD&apos;, ip: &apos;192.168.1.232&apos;, os.name: &apos;Windows 11&apos;, os.arch: &apos;amd64&apos;, os.version: &apos;10.0&apos;, java.version: &apos;18.0.1.1&apos;
Driver info: org.openqa.selenium.chrome.ChromeDriver
Command: [1454fae2e4d65073d221497c2901c6ae, findElement {using=xpath, value=//button[text()=&apos;Okay, start my quote.&apos;]}]
Capabilities {acceptInsecureCerts: false, browserName: chrome, browserVersion: 101.0.4951.67, chrome: {chromedriverVersion: 101.0.4951.41 (93c720db8323..., userDataDir: C:\Users\farmi\AppData\Loca...}, goog:chromeOptions: {debuggerAddress: localhost:59850}, javascriptEnabled: true, networkConnectionEnabled: false, pageLoadStrategy: normal, platform: WINDOWS, platformName: WINDOWS, proxy: Proxy(), se:cdp: ws://localhost:59850/devtoo..., se:cdpVersion: 101.0.4951.67, setWindowRect: true, strictFileInteractability: false, timeouts: {implicit: 0, pageLoad: 300000, script: 30000}, unhandledPromptBehavior: dismiss and notify, webauthn:extension:credBlob: true, webauthn:extension:largeBlob: true, webauthn:virtualAuthenticators: true}
Session ID: 1454fae2e4d65073d221497c2901c6ae
	at org.openqa.selenium.remote.codec.w3c.W3CHttpResponseCodec.createException(W3CHttpResponseCodec.java:200)
	at org.openqa.selenium.remote.codec.w3c.W3CHttpResponseCodec.decode(W3CHttpResponseCodec.java:133)
	at org.openqa.selenium.remote.codec.w3c.W3CHttpResponseCodec.decode(W3CHttpResponseCodec.java:53)
	at org.openqa.selenium.remote.HttpCommandExecutor.execute(HttpCommandExecutor.java:184)
	at org.openqa.selenium.remote.service.DriverCommandExecutor.invokeExecute(DriverCommandExecutor.java:167)
	at org.openqa.selenium.remote.service.DriverCommandExecutor.execute(DriverCommandExecutor.java:142)
	at org.openqa.selenium.remote.RemoteWebDriver.execute(RemoteWebDriver.java:567)
	at org.openqa.selenium.remote.ElementLocation$ElementFinder$2.findElement(ElementLocation.java:162)
	at org.openqa.selenium.remote.ElementLocation.findElement(ElementLocation.java:60)
	at org.openqa.selenium.remote.RemoteWebDriver.findElement(RemoteWebDriver.java:385)
	at org.openqa.selenium.remote.RemoteWebDriver.findElement(RemoteWebDriver.java:377)
	at org.openqa.selenium.support.pagefactory.DefaultElementLocator.findElement(DefaultElementLocator.java:70)
	at org.openqa.selenium.support.pagefactory.internal.LocatingElementHandler.invoke(LocatingElementHandler.java:39)
	at jdk.proxy2/jdk.proxy2.$Proxy16.isDisplayed(Unknown Source)
	at org.openqa.selenium.support.ui.ExpectedConditions.elementIfVisible(ExpectedConditions.java:307)
	at org.openqa.selenium.support.ui.ExpectedConditions.access$000(ExpectedConditions.java:40)
	at org.openqa.selenium.support.ui.ExpectedConditions$10.apply(ExpectedConditions.java:293)
	at org.openqa.selenium.support.ui.ExpectedConditions$10.apply(ExpectedConditions.java:290)
	at org.openqa.selenium.support.ui.ExpectedConditions$23.apply(ExpectedConditions.java:660)
	at org.openqa.selenium.support.ui.ExpectedConditions$23.apply(ExpectedConditions.java:656)
	at org.openqa.selenium.support.ui.FluentWait.until(FluentWait.java:208)
	at commons.CommonActions.click(CommonActions.java:25)
	at objects.StartPage.getqtButton(StartPage.java:93)
	at objects.StartPage.fixError(StartPage.java:106)
	at objects.StartPage.startpageSteps(StartPage.java:121)
	at pncbank.com.qa.test.AutoTestRobust.jeeptest(AutoTestRobust.java:13)
	at java.base/java.util.ArrayList.forEach(ArrayList.java:1511)
... Removed 28 stack frames</pre></div><a href='#' onClick='toggleBox("stack-trace1014565006", this, "Click to show all stack frames", "Click to hide stack frames")'>Click to show all stack frames</a>
<div class='stack-trace' id='stack-trace1014565006'><pre>org.openqa.selenium.WebDriverException: chrome not reachable
  (Session info: chrome=101.0.4951.67)
Build info: version: &apos;4.1.3&apos;, revision: &apos;7b1ebf28ef&apos;
System info: host: &apos;LAPTOP-R8RR6QSD&apos;, ip: &apos;192.168.1.232&apos;, os.name: &apos;Windows 11&apos;, os.arch: &apos;amd64&apos;, os.version: &apos;10.0&apos;, java.version: &apos;18.0.1.1&apos;
Driver info: org.openqa.selenium.chrome.ChromeDriver
Command: [1454fae2e4d65073d221497c2901c6ae, findElement {using=xpath, value=//button[text()=&apos;Okay, start my quote.&apos;]}]
Capabilities {acceptInsecureCerts: false, browserName: chrome, browserVersion: 101.0.4951.67, chrome: {chromedriverVersion: 101.0.4951.41 (93c720db8323..., userDataDir: C:\Users\farmi\AppData\Loca...}, goog:chromeOptions: {debuggerAddress: localhost:59850}, javascriptEnabled: true, networkConnectionEnabled: false, pageLoadStrategy: normal, platform: WINDOWS, platformName: WINDOWS, proxy: Proxy(), se:cdp: ws://localhost:59850/devtoo..., se:cdpVersion: 101.0.4951.67, setWindowRect: true, strictFileInteractability: false, timeouts: {implicit: 0, pageLoad: 300000, script: 30000}, unhandledPromptBehavior: dismiss and notify, webauthn:extension:credBlob: true, webauthn:extension:largeBlob: true, webauthn:virtualAuthenticators: true}
Session ID: 1454fae2e4d65073d221497c2901c6ae
	at java.base/jdk.internal.reflect.DirectConstructorHandleAccessor.newInstance(DirectConstructorHandleAccessor.java:67)
	at java.base/java.lang.reflect.Constructor.newInstanceWithCaller(Constructor.java:499)
	at java.base/java.lang.reflect.Constructor.newInstance(Constructor.java:483)
	at org.openqa.selenium.remote.codec.w3c.W3CHttpResponseCodec.createException(W3CHttpResponseCodec.java:200)
	at org.openqa.selenium.remote.codec.w3c.W3CHttpResponseCodec.decode(W3CHttpResponseCodec.java:133)
	at org.openqa.selenium.remote.codec.w3c.W3CHttpResponseCodec.decode(W3CHttpResponseCodec.java:53)
	at org.openqa.selenium.remote.HttpCommandExecutor.execute(HttpCommandExecutor.java:184)
	at org.openqa.selenium.remote.service.DriverCommandExecutor.invokeExecute(DriverCommandExecutor.java:167)
	at org.openqa.selenium.remote.service.DriverCommandExecutor.execute(DriverCommandExecutor.java:142)
	at org.openqa.selenium.remote.RemoteWebDriver.execute(RemoteWebDriver.java:567)
	at org.openqa.selenium.remote.ElementLocation$ElementFinder$2.findElement(ElementLocation.java:162)
	at org.openqa.selenium.remote.ElementLocation.findElement(ElementLocation.java:60)
	at org.openqa.selenium.remote.RemoteWebDriver.findElement(RemoteWebDriver.java:385)
	at org.openqa.selenium.remote.RemoteWebDriver.findElement(RemoteWebDriver.java:377)
	at org.openqa.selenium.support.pagefactory.DefaultElementLocator.findElement(DefaultElementLocator.java:70)
	at org.openqa.selenium.support.pagefactory.internal.LocatingElementHandler.invoke(LocatingElementHandler.java:39)
	at jdk.proxy2/jdk.proxy2.$Proxy16.isDisplayed(Unknown Source)
	at org.openqa.selenium.support.ui.ExpectedConditions.elementIfVisible(ExpectedConditions.java:307)
	at org.openqa.selenium.support.ui.ExpectedConditions.access$000(ExpectedConditions.java:40)
	at org.openqa.selenium.support.ui.ExpectedConditions$10.apply(ExpectedConditions.java:293)
	at org.openqa.selenium.support.ui.ExpectedConditions$10.apply(ExpectedConditions.java:290)
	at org.openqa.selenium.support.ui.ExpectedConditions$23.apply(ExpectedConditions.java:660)
	at org.openqa.selenium.support.ui.ExpectedConditions$23.apply(ExpectedConditions.java:656)
	at org.openqa.selenium.support.ui.FluentWait.until(FluentWait.java:208)
	at commons.CommonActions.click(CommonActions.java:25)
	at objects.StartPage.getqtButton(StartPage.java:93)
	at objects.StartPage.fixError(StartPage.java:106)
	at objects.StartPage.startpageSteps(StartPage.java:121)
	at pncbank.com.qa.test.AutoTestRobust.jeeptest(AutoTestRobust.java:13)
	at java.base/jdk.internal.reflect.DirectMethodHandleAccessor.invoke(DirectMethodHandleAccessor.java:104)
	at java.base/java.lang.reflect.Method.invoke(Method.java:577)
	at org.testng.internal.MethodInvocationHelper.invokeMethod(MethodInvocationHelper.java:133)
	at org.testng.internal.TestInvoker.invokeMethod(TestInvoker.java:598)
	at org.testng.internal.TestInvoker.invokeTestMethod(TestInvoker.java:173)
	at org.testng.internal.MethodRunner.runInSequence(MethodRunner.java:46)
	at org.testng.internal.TestInvoker$MethodInvocationAgent.invoke(TestInvoker.java:824)
	at org.testng.internal.TestInvoker.invokeTestMethods(TestInvoker.java:146)
	at org.testng.internal.TestMethodWorker.invokeTestMethods(TestMethodWorker.java:146)
	at org.testng.internal.TestMethodWorker.run(TestMethodWorker.java:128)
	at java.base/java.util.ArrayList.forEach(ArrayList.java:1511)
	at org.testng.TestRunner.privateRun(TestRunner.java:794)
	at org.testng.TestRunner.run(TestRunner.java:596)
	at org.testng.SuiteRunner.runTest(SuiteRunner.java:377)
	at org.testng.SuiteRunner.runSequentially(SuiteRunner.java:371)
	at org.testng.SuiteRunner.privateRun(SuiteRunner.java:332)
	at org.testng.SuiteRunner.run(SuiteRunner.java:276)
	at org.testng.SuiteRunnerWorker.runSuite(SuiteRunnerWorker.java:53)
	at org.testng.SuiteRunnerWorker.run(SuiteRunnerWorker.java:96)
	at org.testng.TestNG.runSuitesSequentially(TestNG.java:1212)
	at org.testng.TestNG.runSuitesLocally(TestNG.java:1134)
	at org.testng.TestNG.runSuites(TestNG.java:1063)
	at org.testng.TestNG.run(TestNG.java:1031)
	at org.testng.remote.AbstractRemoteTestNG.run(AbstractRemoteTestNG.java:115)
	at org.testng.remote.RemoteTestNG.initAndRun(RemoteTestNG.java:251)
	at org.testng.remote.RemoteTestNG.main(RemoteTestNG.java:77)
</pre></div></td>
<td>33</td>
<td>pncbank.com.qa.test.AutoTestRobust@479d31f3</td></tr>
<tr>
<td title='pncbank.com.qa.test.AutoTestRobust.BMWtest()'><b>BMWtest</b><br>Test class: pncbank.com.qa.test.AutoTestRobust<br/>
<a href="#Output-726762476" onClick='toggleBox("Output-726762476", this, "Show output", "Hide output");'>Show output</a>

<a href="#Output-726762476" onClick="toggleAllBoxes();">Show all outputs</a>
<div class='log' id="Output-726762476">
Element is Clicking :[[ChromeDriver: chrome on WINDOWS (14ae2a7c6b85cfeb71c332b116e7c22a)] -> xpath: (//p[@class='txt'])[1]]<br><br/>
Now this is the Current URL :https://www.progressive.com/#l<br><br/>
10462Value Passed to :[[ChromeDriver: chrome on WINDOWS (14ae2a7c6b85cfeb71c332b116e7c22a)] -> id: zipCode_overlay]<br><br/>
Now this is the Current URL :https://www.progressive.com/#l<br><br/>
Element is Clicking :[[ChromeDriver: chrome on WINDOWS (14ae2a7c6b85cfeb71c332b116e7c22a)] -> id: qsButton_overlay]<br><br/>
BostonValue Passed to :[[ChromeDriver: chrome on WINDOWS (14ae2a7c6b85cfeb71c332b116e7c22a)] -> id: NameAndAddressEdit_embedded_questions_list_FirstName]<br><br/>
MValue Passed to the :[[ChromeDriver: chrome on WINDOWS (14ae2a7c6b85cfeb71c332b116e7c22a)] -> id: NameAndAddressEdit_embedded_questions_list_MiddleInitial]<br><br/>
BowmikValue Passed to :[[ChromeDriver: chrome on WINDOWS (14ae2a7c6b85cfeb71c332b116e7c22a)] -> id: NameAndAddressEdit_embedded_questions_list_LastName]<br><br/>
SRValue has been selected from the element :[[ChromeDriver: chrome on WINDOWS (14ae2a7c6b85cfeb71c332b116e7c22a)] -> id: NameAndAddressEdit_embedded_questions_list_Suffix]<br><br/>
12/30/1978Value Passed to :[[ChromeDriver: chrome on WINDOWS (14ae2a7c6b85cfeb71c332b116e7c22a)] -> id: NameAndAddressEdit_embedded_questions_list_DateOfBirth]<br><br/>
2230 Manning STValue Passed to :[[ChromeDriver: chrome on WINDOWS (14ae2a7c6b85cfeb71c332b116e7c22a)] -> id: NameAndAddressEdit_embedded_questions_list_MailingAddress]<br><br/>
3BValue Passed to :[[ChromeDriver: chrome on WINDOWS (14ae2a7c6b85cfeb71c332b116e7c22a)] -> id: NameAndAddressEdit_embedded_questions_list_ApartmentUnit]<br><br/>
BronxValue Passed to :[[ChromeDriver: chrome on WINDOWS (14ae2a7c6b85cfeb71c332b116e7c22a)] -> id: NameAndAddressEdit_embedded_questions_list_City]<br><br/>
Element is not Selected [[ChromeDriver: chrome on WINDOWS (14ae2a7c6b85cfeb71c332b116e7c22a)] -> tag name: checkbox-input]<br><br/>
Element is Clicking :[[ChromeDriver: chrome on WINDOWS (14ae2a7c6b85cfeb71c332b116e7c22a)] -> tag name: checkbox-input]<br><br/>
Element is Clicking :[[ChromeDriver: chrome on WINDOWS (14ae2a7c6b85cfeb71c332b116e7c22a)] -> xpath: //button[text()='Okay, start my quote.']]<br><br/>
By.xpath: (//div[contains(.,'Required to continue')])[4] : Element is Present<br><br/>
Now this is the Current URL :https://autoinsurance1.progressivedirect.com/0/UQA/Quote/NameAndAddressEdit<br><br/>
2230 Manning STValue Passed to :[[ChromeDriver: chrome on WINDOWS (14ae2a7c6b85cfeb71c332b116e7c22a)] -> id: NameAndAddressEdit_embedded_questions_list_MailingAddress]<br><br/>
By.xpath: (//div[contains(.,'Reqpuired to continue')])[5] : Element is Not Present<br><br/>
Element is Clicking :[[ChromeDriver: chrome on WINDOWS (14ae2a7c6b85cfeb71c332b116e7c22a)] -> xpath: //button[text()='Okay, start my quote.']]<br><br/>
</div>
</td>
<td><div><pre>org.openqa.selenium.NoSuchWindowException: no such window: target window already closed
from unknown error: web view not found
  (Session info: chrome=101.0.4951.67)
Build info: version: &apos;4.1.3&apos;, revision: &apos;7b1ebf28ef&apos;
System info: host: &apos;LAPTOP-R8RR6QSD&apos;, ip: &apos;192.168.1.232&apos;, os.name: &apos;Windows 11&apos;, os.arch: &apos;amd64&apos;, os.version: &apos;10.0&apos;, java.version: &apos;18.0.1.1&apos;
Driver info: org.openqa.selenium.chrome.ChromeDriver
Command: [14ae2a7c6b85cfeb71c332b116e7c22a, findElement {using=id, value=VehiclesNew_embedded_questions_list_Year}]
Capabilities {acceptInsecureCerts: false, browserName: chrome, browserVersion: 101.0.4951.67, chrome: {chromedriverVersion: 101.0.4951.41 (93c720db8323..., userDataDir: C:\Users\farmi\AppData\Loca...}, goog:chromeOptions: {debuggerAddress: localhost:59608}, javascriptEnabled: true, networkConnectionEnabled: false, pageLoadStrategy: normal, platform: WINDOWS, platformName: WINDOWS, proxy: Proxy(), se:cdp: ws://localhost:59608/devtoo..., se:cdpVersion: 101.0.4951.67, setWindowRect: true, strictFileInteractability: false, timeouts: {implicit: 0, pageLoad: 300000, script: 30000}, unhandledPromptBehavior: dismiss and notify, webauthn:extension:credBlob: true, webauthn:extension:largeBlob: true, webauthn:virtualAuthenticators: true}
Session ID: 14ae2a7c6b85cfeb71c332b116e7c22a
	at org.openqa.selenium.remote.codec.w3c.W3CHttpResponseCodec.createException(W3CHttpResponseCodec.java:200)
	at org.openqa.selenium.remote.codec.w3c.W3CHttpResponseCodec.decode(W3CHttpResponseCodec.java:133)
	at org.openqa.selenium.remote.codec.w3c.W3CHttpResponseCodec.decode(W3CHttpResponseCodec.java:53)
	at org.openqa.selenium.remote.HttpCommandExecutor.execute(HttpCommandExecutor.java:184)
	at org.openqa.selenium.remote.service.DriverCommandExecutor.invokeExecute(DriverCommandExecutor.java:167)
	at org.openqa.selenium.remote.service.DriverCommandExecutor.execute(DriverCommandExecutor.java:142)
	at org.openqa.selenium.remote.RemoteWebDriver.execute(RemoteWebDriver.java:567)
	at org.openqa.selenium.remote.ElementLocation$ElementFinder$2.findElement(ElementLocation.java:162)
	at org.openqa.selenium.remote.ElementLocation.findElement(ElementLocation.java:60)
	at org.openqa.selenium.remote.RemoteWebDriver.findElement(RemoteWebDriver.java:385)
	at org.openqa.selenium.remote.RemoteWebDriver.findElement(RemoteWebDriver.java:377)
	at org.openqa.selenium.support.pagefactory.DefaultElementLocator.findElement(DefaultElementLocator.java:70)
	at org.openqa.selenium.support.pagefactory.internal.LocatingElementHandler.invoke(LocatingElementHandler.java:39)
	at jdk.proxy2/jdk.proxy2.$Proxy16.toString(Unknown Source)
	at java.base/java.lang.String.valueOf(String.java:4213)
	at java.base/java.lang.StringBuilder.append(StringBuilder.java:173)
	at commons.CommonActions.selectValue(CommonActions.java:76)
	at objects.VehicalePage.vehicaleYear(VehicalePage.java:45)
	at objects.VehicalePage.vehicalepageSteps(VehicalePage.java:84)
	at pncbank.com.qa.test.AutoTestRobust.BMWtest(AutoTestRobust.java:23)
	at java.base/java.util.ArrayList.forEach(ArrayList.java:1511)
... Removed 28 stack frames</pre></div><a href='#' onClick='toggleBox("stack-trace726762476", this, "Click to show all stack frames", "Click to hide stack frames")'>Click to show all stack frames</a>
<div class='stack-trace' id='stack-trace726762476'><pre>org.openqa.selenium.NoSuchWindowException: no such window: target window already closed
from unknown error: web view not found
  (Session info: chrome=101.0.4951.67)
Build info: version: &apos;4.1.3&apos;, revision: &apos;7b1ebf28ef&apos;
System info: host: &apos;LAPTOP-R8RR6QSD&apos;, ip: &apos;192.168.1.232&apos;, os.name: &apos;Windows 11&apos;, os.arch: &apos;amd64&apos;, os.version: &apos;10.0&apos;, java.version: &apos;18.0.1.1&apos;
Driver info: org.openqa.selenium.chrome.ChromeDriver
Command: [14ae2a7c6b85cfeb71c332b116e7c22a, findElement {using=id, value=VehiclesNew_embedded_questions_list_Year}]
Capabilities {acceptInsecureCerts: false, browserName: chrome, browserVersion: 101.0.4951.67, chrome: {chromedriverVersion: 101.0.4951.41 (93c720db8323..., userDataDir: C:\Users\farmi\AppData\Loca...}, goog:chromeOptions: {debuggerAddress: localhost:59608}, javascriptEnabled: true, networkConnectionEnabled: false, pageLoadStrategy: normal, platform: WINDOWS, platformName: WINDOWS, proxy: Proxy(), se:cdp: ws://localhost:59608/devtoo..., se:cdpVersion: 101.0.4951.67, setWindowRect: true, strictFileInteractability: false, timeouts: {implicit: 0, pageLoad: 300000, script: 30000}, unhandledPromptBehavior: dismiss and notify, webauthn:extension:credBlob: true, webauthn:extension:largeBlob: true, webauthn:virtualAuthenticators: true}
Session ID: 14ae2a7c6b85cfeb71c332b116e7c22a
	at java.base/jdk.internal.reflect.DirectConstructorHandleAccessor.newInstance(DirectConstructorHandleAccessor.java:67)
	at java.base/java.lang.reflect.Constructor.newInstanceWithCaller(Constructor.java:499)
	at java.base/java.lang.reflect.Constructor.newInstance(Constructor.java:483)
	at org.openqa.selenium.remote.codec.w3c.W3CHttpResponseCodec.createException(W3CHttpResponseCodec.java:200)
	at org.openqa.selenium.remote.codec.w3c.W3CHttpResponseCodec.decode(W3CHttpResponseCodec.java:133)
	at org.openqa.selenium.remote.codec.w3c.W3CHttpResponseCodec.decode(W3CHttpResponseCodec.java:53)
	at org.openqa.selenium.remote.HttpCommandExecutor.execute(HttpCommandExecutor.java:184)
	at org.openqa.selenium.remote.service.DriverCommandExecutor.invokeExecute(DriverCommandExecutor.java:167)
	at org.openqa.selenium.remote.service.DriverCommandExecutor.execute(DriverCommandExecutor.java:142)
	at org.openqa.selenium.remote.RemoteWebDriver.execute(RemoteWebDriver.java:567)
	at org.openqa.selenium.remote.ElementLocation$ElementFinder$2.findElement(ElementLocation.java:162)
	at org.openqa.selenium.remote.ElementLocation.findElement(ElementLocation.java:60)
	at org.openqa.selenium.remote.RemoteWebDriver.findElement(RemoteWebDriver.java:385)
	at org.openqa.selenium.remote.RemoteWebDriver.findElement(RemoteWebDriver.java:377)
	at org.openqa.selenium.support.pagefactory.DefaultElementLocator.findElement(DefaultElementLocator.java:70)
	at org.openqa.selenium.support.pagefactory.internal.LocatingElementHandler.invoke(LocatingElementHandler.java:39)
	at jdk.proxy2/jdk.proxy2.$Proxy16.toString(Unknown Source)
	at java.base/java.lang.String.valueOf(String.java:4213)
	at java.base/java.lang.StringBuilder.append(StringBuilder.java:173)
	at commons.CommonActions.selectValue(CommonActions.java:76)
	at objects.VehicalePage.vehicaleYear(VehicalePage.java:45)
	at objects.VehicalePage.vehicalepageSteps(VehicalePage.java:84)
	at pncbank.com.qa.test.AutoTestRobust.BMWtest(AutoTestRobust.java:23)
	at java.base/jdk.internal.reflect.DirectMethodHandleAccessor.invoke(DirectMethodHandleAccessor.java:104)
	at java.base/java.lang.reflect.Method.invoke(Method.java:577)
	at org.testng.internal.MethodInvocationHelper.invokeMethod(MethodInvocationHelper.java:133)
	at org.testng.internal.TestInvoker.invokeMethod(TestInvoker.java:598)
	at org.testng.internal.TestInvoker.invokeTestMethod(TestInvoker.java:173)
	at org.testng.internal.MethodRunner.runInSequence(MethodRunner.java:46)
	at org.testng.internal.TestInvoker$MethodInvocationAgent.invoke(TestInvoker.java:824)
	at org.testng.internal.TestInvoker.invokeTestMethods(TestInvoker.java:146)
	at org.testng.internal.TestMethodWorker.invokeTestMethods(TestMethodWorker.java:146)
	at org.testng.internal.TestMethodWorker.run(TestMethodWorker.java:128)
	at java.base/java.util.ArrayList.forEach(ArrayList.java:1511)
	at org.testng.TestRunner.privateRun(TestRunner.java:794)
	at org.testng.TestRunner.run(TestRunner.java:596)
	at org.testng.SuiteRunner.runTest(SuiteRunner.java:377)
	at org.testng.SuiteRunner.runSequentially(SuiteRunner.java:371)
	at org.testng.SuiteRunner.privateRun(SuiteRunner.java:332)
	at org.testng.SuiteRunner.run(SuiteRunner.java:276)
	at org.testng.SuiteRunnerWorker.runSuite(SuiteRunnerWorker.java:53)
	at org.testng.SuiteRunnerWorker.run(SuiteRunnerWorker.java:96)
	at org.testng.TestNG.runSuitesSequentially(TestNG.java:1212)
	at org.testng.TestNG.runSuitesLocally(TestNG.java:1134)
	at org.testng.TestNG.runSuites(TestNG.java:1063)
	at org.testng.TestNG.run(TestNG.java:1031)
	at org.testng.remote.AbstractRemoteTestNG.run(AbstractRemoteTestNG.java:115)
	at org.testng.remote.RemoteTestNG.initAndRun(RemoteTestNG.java:251)
	at org.testng.remote.RemoteTestNG.main(RemoteTestNG.java:77)
</pre></div></td>
<td>26</td>
<td>pncbank.com.qa.test.AutoTestRobust@479d31f3</td></tr>
</table><p>
</body>
</html>