<?xml version="1.0" encoding="UTF-8"?>
<!-- Generated by org.testng.reporters.JUnitXMLReporter -->
<testsuite ignored="0" hostname="LAPTOP-R8RR6QSD" failures="1" tests="2" name="RegressionTest" time="102.174" errors="0" timestamp="2022-05-22T22:02:28 EDT">
  <testcase classname="pncbank.com.qa.test.AutoTestRobust" name="BMWtest" time="43.845"/>
  <testcase classname="pncbank.com.qa.test.AutoTestRobust" name="jeeptest" time="50.778">
    <failure type="java.lang.AssertionError" message="null">
      <![CDATA[java.lang.AssertionError: null
at commons.CommonActions.selectValue(CommonActions.java:77)
at objects.VehicalePage.bodyType(VehicalePage.java:55)
at objects.VehicalePage.vehicalepageSteps(VehicalePage.java:87)
at pncbank.com.qa.test.AutoTestRobust.jeeptest(AutoTestRobust.java:14)
at java.base/java.util.ArrayList.forEach(ArrayList.java:1511)
... Removed 27 stack frames]]>
    </failure>
  </testcase> <!-- jeeptest -->
</testsuite> <!-- RegressionTest -->
