<html>
<head>
<title>TestNG:  RegressionTest</title>
<link href="../testng.css" rel="stylesheet" type="text/css" />
<link href="../my-testng.css" rel="stylesheet" type="text/css" />

<style type="text/css">
.log { display: none;} 
.stack-trace { display: none;} 
</style>
<script type="text/javascript">
<!--
function flip(e) {
  current = e.style.display;
  if (current == 'block') {
    e.style.display = 'none';
    return 0;
  }
  else {
    e.style.display = 'block';
    return 1;
  }
}

function toggleBox(szDivId, elem, msg1, msg2)
{
  var res = -1;  if (document.getElementById) {
    res = flip(document.getElementById(szDivId));
  }
  else if (document.all) {
    // this is the way old msie versions work
    res = flip(document.all[szDivId]);
  }
  if(elem) {
    if(res == 0) elem.innerHTML = msg1; else elem.innerHTML = msg2;
  }

}

function toggleAllBoxes() {
  if (document.getElementsByTagName) {
    d = document.getElementsByTagName('div');
    for (i = 0; i < d.length; i++) {
      if (d[i].className == 'log') {
        flip(d[i]);
      }
    }
  }
}

// -->
</script>

</head>
<body>
<h2 align='center'>RegressionTest</h2><table border='1' align="center">
<tr>
<td>Tests passed/Failed/Skipped:</td><td>1/1/0</td>
</tr><tr>
<td>Started on:</td><td>Sun May 22 22:00:46 EDT 2022</td>
</tr>
<tr><td>Total time:</td><td>102 seconds (102174 ms)</td>
</tr><tr>
<td>Included groups:</td><td></td>
</tr><tr>
<td>Excluded groups:</td><td></td>
</tr>
</table><p/>
<small><i>(Hover the method name to see the test class name)</i></small><p/>
<table width='100%' border='1' class='invocation-failed'>
<tr><td colspan='4' align='center'><b>FAILED TESTS</b></td></tr>
<tr><td><b>Test method</b></td>
<td width="30%"><b>Exception</b></td>
<td width="10%"><b>Time (seconds)</b></td>
<td><b>Instance</b></td>
</tr>
<tr>
<td title='pncbank.com.qa.test.AutoTestRobust.jeeptest()'><b>jeeptest</b><br>Test class: pncbank.com.qa.test.AutoTestRobust<br/>
<a href="#Output-1470959992" onClick='toggleBox("Output-1470959992", this, "Show output", "Hide output");'>Show output</a>

<a href="#Output-1470959992" onClick="toggleAllBoxes();">Show all outputs</a>
<div class='log' id="Output-1470959992">
Element is Clicking :[[ChromeDriver: chrome on WINDOWS (363e5847e8be6fec79f17f3ebc0cb8c4)] -> xpath: (//p[@class='txt'])[1]]<br><br/>
Now this is the Current URL :https://www.progressive.com/#l<br><br/>
10462Value Passed to :[[ChromeDriver: chrome on WINDOWS (363e5847e8be6fec79f17f3ebc0cb8c4)] -> id: zipCode_overlay]<br><br/>
Now this is the Current URL :https://www.progressive.com/#l<br><br/>
Element is Clicking :[[ChromeDriver: chrome on WINDOWS (363e5847e8be6fec79f17f3ebc0cb8c4)] -> id: qsButton_overlay]<br><br/>
JamilValue Passed to :[[ChromeDriver: chrome on WINDOWS (363e5847e8be6fec79f17f3ebc0cb8c4)] -> id: NameAndAddressEdit_embedded_questions_list_FirstName]<br><br/>
MValue Passed to the :[[ChromeDriver: chrome on WINDOWS (363e5847e8be6fec79f17f3ebc0cb8c4)] -> id: NameAndAddressEdit_embedded_questions_list_MiddleInitial]<br><br/>
HasanValue Passed to :[[ChromeDriver: chrome on WINDOWS (363e5847e8be6fec79f17f3ebc0cb8c4)] -> id: NameAndAddressEdit_embedded_questions_list_LastName]<br><br/>
SRValue has been selected from the element :[[ChromeDriver: chrome on WINDOWS (363e5847e8be6fec79f17f3ebc0cb8c4)] -> id: NameAndAddressEdit_embedded_questions_list_Suffix]<br><br/>
12/30/1978Value Passed to :[[ChromeDriver: chrome on WINDOWS (363e5847e8be6fec79f17f3ebc0cb8c4)] -> id: NameAndAddressEdit_embedded_questions_list_DateOfBirth]<br><br/>
2230 Manning STValue Passed to :[[ChromeDriver: chrome on WINDOWS (363e5847e8be6fec79f17f3ebc0cb8c4)] -> id: NameAndAddressEdit_embedded_questions_list_MailingAddress]<br><br/>
3BValue Passed to :[[ChromeDriver: chrome on WINDOWS (363e5847e8be6fec79f17f3ebc0cb8c4)] -> id: NameAndAddressEdit_embedded_questions_list_ApartmentUnit]<br><br/>
BronxValue Passed to :[[ChromeDriver: chrome on WINDOWS (363e5847e8be6fec79f17f3ebc0cb8c4)] -> id: NameAndAddressEdit_embedded_questions_list_City]<br><br/>
Element is not Selected [[ChromeDriver: chrome on WINDOWS (363e5847e8be6fec79f17f3ebc0cb8c4)] -> tag name: checkbox-input]<br><br/>
Element is Clicking :[[ChromeDriver: chrome on WINDOWS (363e5847e8be6fec79f17f3ebc0cb8c4)] -> tag name: checkbox-input]<br><br/>
Element is Clicking :[[ChromeDriver: chrome on WINDOWS (363e5847e8be6fec79f17f3ebc0cb8c4)] -> xpath: //button[text()='Okay, start my quote.']]<br><br/>
By.xpath: (//div[contains(.,'Required to continue')])[4] : Element is Present<br><br/>
Now this is the Current URL :https://autoinsurance1.progressivedirect.com/0/UQA/Quote/NameAndAddressEdit<br><br/>
2230 Manning STValue Passed to :[[ChromeDriver: chrome on WINDOWS (363e5847e8be6fec79f17f3ebc0cb8c4)] -> id: NameAndAddressEdit_embedded_questions_list_MailingAddress]<br><br/>
By.xpath: (//div[contains(.,'Reqpuired to continue')])[5] : Element is Not Present<br><br/>
Element is Clicking :Proxy element for: DefaultElementLocator 'By.xpath: //button[text()='Okay, start my quote.']'<br><br/>
2016Value has been selected from the element :[[ChromeDriver: chrome on WINDOWS (363e5847e8be6fec79f17f3ebc0cb8c4)] -> id: VehiclesNew_embedded_questions_list_Year]<br><br/>
JEEPValue has been selected from the element :[[ChromeDriver: chrome on WINDOWS (363e5847e8be6fec79f17f3ebc0cb8c4)] -> id: VehiclesNew_embedded_questions_list_Make]<br><br/>
WRANGLERValue has been selected from the element :[[ChromeDriver: chrome on WINDOWS (363e5847e8be6fec79f17f3ebc0cb8c4)] -> id: VehiclesNew_embedded_questions_list_Model]<br><br/>
Locator Doesn't match Proxy element for: DefaultElementLocator 'By.id: VehiclesNew_embedded_questions_list_BodyStyle'
no such element: Unable to locate element: {"method":"css selector","selector":"#VehiclesNew_embedded_questions_list_BodyStyle"}
  (Session info: chrome=101.0.4951.67)
For documentation on this error, please visit: https://selenium.dev/exceptions/#no_such_element
Build info: version: '4.1.3', revision: '7b1ebf28ef'
System info: host: 'LAPTOP-R8RR6QSD', ip: '192.168.1.232', os.name: 'Windows 11', os.arch: 'amd64', os.version: '10.0', java.version: '18.0.1.1'
Driver info: org.openqa.selenium.chrome.ChromeDriver
Command: [363e5847e8be6fec79f17f3ebc0cb8c4, findElement {using=id, value=VehiclesNew_embedded_questions_list_BodyStyle}]
Capabilities {acceptInsecureCerts: false, browserName: chrome, browserVersion: 101.0.4951.67, chrome: {chromedriverVersion: 101.0.4951.41 (93c720db8323..., userDataDir: C:\Users\farmi\AppData\Loca...}, goog:chromeOptions: {debuggerAddress: localhost:63971}, javascriptEnabled: true, networkConnectionEnabled: false, pageLoadStrategy: normal, platform: WINDOWS, platformName: WINDOWS, proxy: Proxy(), se:cdp: ws://localhost:63971/devtoo..., se:cdpVersion: 101.0.4951.67, setWindowRect: true, strictFileInteractability: false, timeouts: {implicit: 0, pageLoad: 300000, script: 30000}, unhandledPromptBehavior: dismiss and notify, webauthn:extension:credBlob: true, webauthn:extension:largeBlob: true, webauthn:virtualAuthenticators: true}
Session ID: 363e5847e8be6fec79f17f3ebc0cb8c4<br><br/>
</div>
</td>
<td><div><pre>java.lang.AssertionError: null
	at commons.CommonActions.selectValue(CommonActions.java:77)
	at objects.VehicalePage.bodyType(VehicalePage.java:55)
	at objects.VehicalePage.vehicalepageSteps(VehicalePage.java:87)
	at pncbank.com.qa.test.AutoTestRobust.jeeptest(AutoTestRobust.java:14)
	at java.base/java.util.ArrayList.forEach(ArrayList.java:1511)
... Removed 27 stack frames</pre></div><a href='#' onClick='toggleBox("stack-trace1470959992", this, "Click to show all stack frames", "Click to hide stack frames")'>Click to show all stack frames</a>
<div class='stack-trace' id='stack-trace1470959992'><pre>java.lang.AssertionError: null
	at org.testng.Assert.fail(Assert.java:99)
	at org.testng.Assert.fail(Assert.java:106)
	at commons.CommonActions.selectValue(CommonActions.java:77)
	at objects.VehicalePage.bodyType(VehicalePage.java:55)
	at objects.VehicalePage.vehicalepageSteps(VehicalePage.java:87)
	at pncbank.com.qa.test.AutoTestRobust.jeeptest(AutoTestRobust.java:14)
	at java.base/jdk.internal.reflect.DirectMethodHandleAccessor.invoke(DirectMethodHandleAccessor.java:104)
	at java.base/java.lang.reflect.Method.invoke(Method.java:577)
	at org.testng.internal.MethodInvocationHelper.invokeMethod(MethodInvocationHelper.java:133)
	at org.testng.internal.TestInvoker.invokeMethod(TestInvoker.java:598)
	at org.testng.internal.TestInvoker.invokeTestMethod(TestInvoker.java:173)
	at org.testng.internal.MethodRunner.runInSequence(MethodRunner.java:46)
	at org.testng.internal.TestInvoker$MethodInvocationAgent.invoke(TestInvoker.java:824)
	at org.testng.internal.TestInvoker.invokeTestMethods(TestInvoker.java:146)
	at org.testng.internal.TestMethodWorker.invokeTestMethods(TestMethodWorker.java:146)
	at org.testng.internal.TestMethodWorker.run(TestMethodWorker.java:128)
	at java.base/java.util.ArrayList.forEach(ArrayList.java:1511)
	at org.testng.TestRunner.privateRun(TestRunner.java:794)
	at org.testng.TestRunner.run(TestRunner.java:596)
	at org.testng.SuiteRunner.runTest(SuiteRunner.java:377)
	at org.testng.SuiteRunner.runSequentially(SuiteRunner.java:371)
	at org.testng.SuiteRunner.privateRun(SuiteRunner.java:332)
	at org.testng.SuiteRunner.run(SuiteRunner.java:276)
	at org.testng.SuiteRunnerWorker.runSuite(SuiteRunnerWorker.java:53)
	at org.testng.SuiteRunnerWorker.run(SuiteRunnerWorker.java:96)
	at org.testng.TestNG.runSuitesSequentially(TestNG.java:1212)
	at org.testng.TestNG.runSuitesLocally(TestNG.java:1134)
	at org.testng.TestNG.runSuites(TestNG.java:1063)
	at org.testng.TestNG.run(TestNG.java:1031)
	at org.testng.remote.AbstractRemoteTestNG.run(AbstractRemoteTestNG.java:115)
	at org.testng.remote.RemoteTestNG.initAndRun(RemoteTestNG.java:251)
	at org.testng.remote.RemoteTestNG.main(RemoteTestNG.java:77)
</pre></div></td>
<td>50</td>
<td>pncbank.com.qa.test.AutoTestRobust@72057ecf</td></tr>
</table><p>
<table width='100%' border='1' class='invocation-passed'>
<tr><td colspan='4' align='center'><b>PASSED TESTS</b></td></tr>
<tr><td><b>Test method</b></td>
<td width="30%"><b>Exception</b></td>
<td width="10%"><b>Time (seconds)</b></td>
<td><b>Instance</b></td>
</tr>
<tr>
<td title='pncbank.com.qa.test.AutoTestRobust.BMWtest()'><b>BMWtest</b><br>Test class: pncbank.com.qa.test.AutoTestRobust<br/>
<a href="#Output-631621595" onClick='toggleBox("Output-631621595", this, "Show output", "Hide output");'>Show output</a>

<a href="#Output-631621595" onClick="toggleAllBoxes();">Show all outputs</a>
<div class='log' id="Output-631621595">
Element is Clicking :[[ChromeDriver: chrome on WINDOWS (221a08ba14202110ba32f0d7303fe439)] -> xpath: (//p[@class='txt'])[1]]<br><br/>
Now this is the Current URL :https://www.progressive.com/#l<br><br/>
10029Value Passed to :[[ChromeDriver: chrome on WINDOWS (221a08ba14202110ba32f0d7303fe439)] -> id: zipCode_overlay]<br><br/>
Now this is the Current URL :https://www.progressive.com/#l<br><br/>
Element is Clicking :[[ChromeDriver: chrome on WINDOWS (221a08ba14202110ba32f0d7303fe439)] -> id: qsButton_overlay]<br><br/>
DravidValue Passed to :[[ChromeDriver: chrome on WINDOWS (221a08ba14202110ba32f0d7303fe439)] -> id: NameAndAddressEdit_embedded_questions_list_FirstName]<br><br/>
MValue Passed to the :[[ChromeDriver: chrome on WINDOWS (221a08ba14202110ba32f0d7303fe439)] -> id: NameAndAddressEdit_embedded_questions_list_MiddleInitial]<br><br/>
ChowdhuryValue Passed to :[[ChromeDriver: chrome on WINDOWS (221a08ba14202110ba32f0d7303fe439)] -> id: NameAndAddressEdit_embedded_questions_list_LastName]<br><br/>
SRValue has been selected from the element :[[ChromeDriver: chrome on WINDOWS (221a08ba14202110ba32f0d7303fe439)] -> id: NameAndAddressEdit_embedded_questions_list_Suffix]<br><br/>
12/30/1978Value Passed to :[[ChromeDriver: chrome on WINDOWS (221a08ba14202110ba32f0d7303fe439)] -> id: NameAndAddressEdit_embedded_questions_list_DateOfBirth]<br><br/>
35E 106th STValue Passed to :[[ChromeDriver: chrome on WINDOWS (221a08ba14202110ba32f0d7303fe439)] -> id: NameAndAddressEdit_embedded_questions_list_MailingAddress]<br><br/>
6kValue Passed to :[[ChromeDriver: chrome on WINDOWS (221a08ba14202110ba32f0d7303fe439)] -> id: NameAndAddressEdit_embedded_questions_list_ApartmentUnit]<br><br/>
ManhattonValue Passed to :[[ChromeDriver: chrome on WINDOWS (221a08ba14202110ba32f0d7303fe439)] -> id: NameAndAddressEdit_embedded_questions_list_City]<br><br/>
Element is not Selected [[ChromeDriver: chrome on WINDOWS (221a08ba14202110ba32f0d7303fe439)] -> tag name: checkbox-input]<br><br/>
Element is Clicking :[[ChromeDriver: chrome on WINDOWS (221a08ba14202110ba32f0d7303fe439)] -> tag name: checkbox-input]<br><br/>
Element is Clicking :[[ChromeDriver: chrome on WINDOWS (221a08ba14202110ba32f0d7303fe439)] -> xpath: //button[text()='Okay, start my quote.']]<br><br/>
By.xpath: (//div[contains(.,'Required to continue')])[4] : Element is Present<br><br/>
Now this is the Current URL :https://autoinsurance1.progressivedirect.com/0/UQA/Quote/NameAndAddressEdit<br><br/>
35E 106th STValue Passed to :[[ChromeDriver: chrome on WINDOWS (221a08ba14202110ba32f0d7303fe439)] -> id: NameAndAddressEdit_embedded_questions_list_MailingAddress]<br><br/>
By.xpath: (//div[contains(.,'Reqpuired to continue')])[5] : Element is Not Present<br><br/>
Element is Clicking :Proxy element for: DefaultElementLocator 'By.xpath: //button[text()='Okay, start my quote.']'<br><br/>
2016Value has been selected from the element :[[ChromeDriver: chrome on WINDOWS (221a08ba14202110ba32f0d7303fe439)] -> id: VehiclesNew_embedded_questions_list_Year]<br><br/>
BMWValue has been selected from the element :[[ChromeDriver: chrome on WINDOWS (221a08ba14202110ba32f0d7303fe439)] -> id: VehiclesNew_embedded_questions_list_Make]<br><br/>
228Value has been selected from the element :[[ChromeDriver: chrome on WINDOWS (221a08ba14202110ba32f0d7303fe439)] -> id: VehiclesNew_embedded_questions_list_Model]<br><br/>
2DR 4CYLValue has been selected from the element :[[ChromeDriver: chrome on WINDOWS (221a08ba14202110ba32f0d7303fe439)] -> id: VehiclesNew_embedded_questions_list_BodyStyle]<br><br/>
2TNCValue has been selected from the element :[[ChromeDriver: chrome on WINDOWS (221a08ba14202110ba32f0d7303fe439)] -> id: VehiclesNew_embedded_questions_list_VehicleUse]<br><br/>
1Value has been selected from the element :[[ChromeDriver: chrome on WINDOWS (221a08ba14202110ba32f0d7303fe439)] -> id: VehiclesNew_embedded_questions_list_OwnOrLease]<br><br/>
EValue has been selected from the element :[[ChromeDriver: chrome on WINDOWS (221a08ba14202110ba32f0d7303fe439)] -> id: VehiclesNew_embedded_questions_list_LengthOfOwnership]<br><br/>
9Value has been selected from the element :[[ChromeDriver: chrome on WINDOWS (221a08ba14202110ba32f0d7303fe439)] -> id: VehiclesNew_embedded_questions_list_AntitheftDevice]<br><br/>
Element is Clicking :Proxy element for: DefaultElementLocator 'By.xpath: //button[contains(text(),'Done')]'<br><br/>
Element is Clicking :[[ChromeDriver: chrome on WINDOWS (221a08ba14202110ba32f0d7303fe439)] -> xpath: //button[text()='Continue']]<br><br/>
</div>
</td>
<td></td>
<td>43</td>
<td>pncbank.com.qa.test.AutoTestRobust@72057ecf</td></tr>
</table><p>
</body>
</html>