<?xml version="1.0" encoding="UTF-8"?>
<!-- Generated by org.testng.reporters.JUnitXMLReporter -->
<testsuite ignored="0" hostname="LAPTOP-R8RR6QSD" failures="1" tests="2" name="Smoke" time="80.185" errors="0" timestamp="2022-05-22T21:52:00 EDT">
  <testcase classname="pncbank.com.qa.test.AutoTestRobust" name="BMWtest" time="37.279"/>
  <testcase classname="pncbank.com.qa.test.AutoTestRobust" name="jeeptest" time="31.811">
    <failure type="java.lang.AssertionError" message="null">
      <![CDATA[java.lang.AssertionError: null
at commons.CommonActions.selectValue(CommonActions.java:77)
at objects.VehicalePage.vehicaleYear(VehicalePage.java:45)
at objects.VehicalePage.vehicalepageSteps(VehicalePage.java:84)
at pncbank.com.qa.test.AutoTestRobust.jeeptest(AutoTestRobust.java:14)
at java.base/java.util.ArrayList.forEach(ArrayList.java:1511)
... Removed 27 stack frames]]>
    </failure>
  </testcase> <!-- jeeptest -->
</testsuite> <!-- Smoke -->
