<?xml version="1.0" encoding="UTF-8"?>
<testng-results ignored="0" total="2" passed="1" failed="1" skipped="0">
  <reporter-output>
    <line>
      <![CDATA[Element is Clicking :[[ChromeDriver: chrome on WINDOWS (221a08ba14202110ba32f0d7303fe439)] -> xpath: (//p[@class='txt'])[1]]<br>]]>
    </line>
    <line>
      <![CDATA[Now this is the Current URL :https://www.progressive.com/#l<br>]]>
    </line>
    <line>
      <![CDATA[10029Value Passed to :[[ChromeDriver: chrome on WINDOWS (221a08ba14202110ba32f0d7303fe439)] -> id: zipCode_overlay]<br>]]>
    </line>
    <line>
      <![CDATA[Now this is the Current URL :https://www.progressive.com/#l<br>]]>
    </line>
    <line>
      <![CDATA[Element is Clicking :[[ChromeDriver: chrome on WINDOWS (221a08ba14202110ba32f0d7303fe439)] -> id: qsButton_overlay]<br>]]>
    </line>
    <line>
      <![CDATA[DravidValue Passed to :[[ChromeDriver: chrome on WINDOWS (221a08ba14202110ba32f0d7303fe439)] -> id: NameAndAddressEdit_embedded_questions_list_FirstName]<br>]]>
    </line>
    <line>
      <![CDATA[MValue Passed to the :[[ChromeDriver: chrome on WINDOWS (221a08ba14202110ba32f0d7303fe439)] -> id: NameAndAddressEdit_embedded_questions_list_MiddleInitial]<br>]]>
    </line>
    <line>
      <![CDATA[ChowdhuryValue Passed to :[[ChromeDriver: chrome on WINDOWS (221a08ba14202110ba32f0d7303fe439)] -> id: NameAndAddressEdit_embedded_questions_list_LastName]<br>]]>
    </line>
    <line>
      <![CDATA[SRValue has been selected from the element :[[ChromeDriver: chrome on WINDOWS (221a08ba14202110ba32f0d7303fe439)] -> id: NameAndAddressEdit_embedded_questions_list_Suffix]<br>]]>
    </line>
    <line>
      <![CDATA[12/30/1978Value Passed to :[[ChromeDriver: chrome on WINDOWS (221a08ba14202110ba32f0d7303fe439)] -> id: NameAndAddressEdit_embedded_questions_list_DateOfBirth]<br>]]>
    </line>
    <line>
      <![CDATA[35E 106th STValue Passed to :[[ChromeDriver: chrome on WINDOWS (221a08ba14202110ba32f0d7303fe439)] -> id: NameAndAddressEdit_embedded_questions_list_MailingAddress]<br>]]>
    </line>
    <line>
      <![CDATA[6kValue Passed to :[[ChromeDriver: chrome on WINDOWS (221a08ba14202110ba32f0d7303fe439)] -> id: NameAndAddressEdit_embedded_questions_list_ApartmentUnit]<br>]]>
    </line>
    <line>
      <![CDATA[ManhattonValue Passed to :[[ChromeDriver: chrome on WINDOWS (221a08ba14202110ba32f0d7303fe439)] -> id: NameAndAddressEdit_embedded_questions_list_City]<br>]]>
    </line>
    <line>
      <![CDATA[Element is not Selected [[ChromeDriver: chrome on WINDOWS (221a08ba14202110ba32f0d7303fe439)] -> tag name: checkbox-input]<br>]]>
    </line>
    <line>
      <![CDATA[Element is Clicking :[[ChromeDriver: chrome on WINDOWS (221a08ba14202110ba32f0d7303fe439)] -> tag name: checkbox-input]<br>]]>
    </line>
    <line>
      <![CDATA[Element is Clicking :[[ChromeDriver: chrome on WINDOWS (221a08ba14202110ba32f0d7303fe439)] -> xpath: //button[text()='Okay, start my quote.']]<br>]]>
    </line>
    <line>
      <![CDATA[By.xpath: (//div[contains(.,'Required to continue')])[4] : Element is Present<br>]]>
    </line>
    <line>
      <![CDATA[Now this is the Current URL :https://autoinsurance1.progressivedirect.com/0/UQA/Quote/NameAndAddressEdit<br>]]>
    </line>
    <line>
      <![CDATA[35E 106th STValue Passed to :[[ChromeDriver: chrome on WINDOWS (221a08ba14202110ba32f0d7303fe439)] -> id: NameAndAddressEdit_embedded_questions_list_MailingAddress]<br>]]>
    </line>
    <line>
      <![CDATA[By.xpath: (//div[contains(.,'Reqpuired to continue')])[5] : Element is Not Present<br>]]>
    </line>
    <line>
      <![CDATA[Element is Clicking :Proxy element for: DefaultElementLocator 'By.xpath: //button[text()='Okay, start my quote.']'<br>]]>
    </line>
    <line>
      <![CDATA[2016Value has been selected from the element :[[ChromeDriver: chrome on WINDOWS (221a08ba14202110ba32f0d7303fe439)] -> id: VehiclesNew_embedded_questions_list_Year]<br>]]>
    </line>
    <line>
      <![CDATA[BMWValue has been selected from the element :[[ChromeDriver: chrome on WINDOWS (221a08ba14202110ba32f0d7303fe439)] -> id: VehiclesNew_embedded_questions_list_Make]<br>]]>
    </line>
    <line>
      <![CDATA[228Value has been selected from the element :[[ChromeDriver: chrome on WINDOWS (221a08ba14202110ba32f0d7303fe439)] -> id: VehiclesNew_embedded_questions_list_Model]<br>]]>
    </line>
    <line>
      <![CDATA[2DR 4CYLValue has been selected from the element :[[ChromeDriver: chrome on WINDOWS (221a08ba14202110ba32f0d7303fe439)] -> id: VehiclesNew_embedded_questions_list_BodyStyle]<br>]]>
    </line>
    <line>
      <![CDATA[2TNCValue has been selected from the element :[[ChromeDriver: chrome on WINDOWS (221a08ba14202110ba32f0d7303fe439)] -> id: VehiclesNew_embedded_questions_list_VehicleUse]<br>]]>
    </line>
    <line>
      <![CDATA[1Value has been selected from the element :[[ChromeDriver: chrome on WINDOWS (221a08ba14202110ba32f0d7303fe439)] -> id: VehiclesNew_embedded_questions_list_OwnOrLease]<br>]]>
    </line>
    <line>
      <![CDATA[EValue has been selected from the element :[[ChromeDriver: chrome on WINDOWS (221a08ba14202110ba32f0d7303fe439)] -> id: VehiclesNew_embedded_questions_list_LengthOfOwnership]<br>]]>
    </line>
    <line>
      <![CDATA[9Value has been selected from the element :[[ChromeDriver: chrome on WINDOWS (221a08ba14202110ba32f0d7303fe439)] -> id: VehiclesNew_embedded_questions_list_AntitheftDevice]<br>]]>
    </line>
    <line>
      <![CDATA[Element is Clicking :Proxy element for: DefaultElementLocator 'By.xpath: //button[contains(text(),'Done')]'<br>]]>
    </line>
    <line>
      <![CDATA[Element is Clicking :[[ChromeDriver: chrome on WINDOWS (221a08ba14202110ba32f0d7303fe439)] -> xpath: //button[text()='Continue']]<br>]]>
    </line>
    <line>
      <![CDATA[Element is Clicking :[[ChromeDriver: chrome on WINDOWS (363e5847e8be6fec79f17f3ebc0cb8c4)] -> xpath: (//p[@class='txt'])[1]]<br>]]>
    </line>
    <line>
      <![CDATA[Now this is the Current URL :https://www.progressive.com/#l<br>]]>
    </line>
    <line>
      <![CDATA[10462Value Passed to :[[ChromeDriver: chrome on WINDOWS (363e5847e8be6fec79f17f3ebc0cb8c4)] -> id: zipCode_overlay]<br>]]>
    </line>
    <line>
      <![CDATA[Now this is the Current URL :https://www.progressive.com/#l<br>]]>
    </line>
    <line>
      <![CDATA[Element is Clicking :[[ChromeDriver: chrome on WINDOWS (363e5847e8be6fec79f17f3ebc0cb8c4)] -> id: qsButton_overlay]<br>]]>
    </line>
    <line>
      <![CDATA[JamilValue Passed to :[[ChromeDriver: chrome on WINDOWS (363e5847e8be6fec79f17f3ebc0cb8c4)] -> id: NameAndAddressEdit_embedded_questions_list_FirstName]<br>]]>
    </line>
    <line>
      <![CDATA[MValue Passed to the :[[ChromeDriver: chrome on WINDOWS (363e5847e8be6fec79f17f3ebc0cb8c4)] -> id: NameAndAddressEdit_embedded_questions_list_MiddleInitial]<br>]]>
    </line>
    <line>
      <![CDATA[HasanValue Passed to :[[ChromeDriver: chrome on WINDOWS (363e5847e8be6fec79f17f3ebc0cb8c4)] -> id: NameAndAddressEdit_embedded_questions_list_LastName]<br>]]>
    </line>
    <line>
      <![CDATA[SRValue has been selected from the element :[[ChromeDriver: chrome on WINDOWS (363e5847e8be6fec79f17f3ebc0cb8c4)] -> id: NameAndAddressEdit_embedded_questions_list_Suffix]<br>]]>
    </line>
    <line>
      <![CDATA[12/30/1978Value Passed to :[[ChromeDriver: chrome on WINDOWS (363e5847e8be6fec79f17f3ebc0cb8c4)] -> id: NameAndAddressEdit_embedded_questions_list_DateOfBirth]<br>]]>
    </line>
    <line>
      <![CDATA[2230 Manning STValue Passed to :[[ChromeDriver: chrome on WINDOWS (363e5847e8be6fec79f17f3ebc0cb8c4)] -> id: NameAndAddressEdit_embedded_questions_list_MailingAddress]<br>]]>
    </line>
    <line>
      <![CDATA[3BValue Passed to :[[ChromeDriver: chrome on WINDOWS (363e5847e8be6fec79f17f3ebc0cb8c4)] -> id: NameAndAddressEdit_embedded_questions_list_ApartmentUnit]<br>]]>
    </line>
    <line>
      <![CDATA[BronxValue Passed to :[[ChromeDriver: chrome on WINDOWS (363e5847e8be6fec79f17f3ebc0cb8c4)] -> id: NameAndAddressEdit_embedded_questions_list_City]<br>]]>
    </line>
    <line>
      <![CDATA[Element is not Selected [[ChromeDriver: chrome on WINDOWS (363e5847e8be6fec79f17f3ebc0cb8c4)] -> tag name: checkbox-input]<br>]]>
    </line>
    <line>
      <![CDATA[Element is Clicking :[[ChromeDriver: chrome on WINDOWS (363e5847e8be6fec79f17f3ebc0cb8c4)] -> tag name: checkbox-input]<br>]]>
    </line>
    <line>
      <![CDATA[Element is Clicking :[[ChromeDriver: chrome on WINDOWS (363e5847e8be6fec79f17f3ebc0cb8c4)] -> xpath: //button[text()='Okay, start my quote.']]<br>]]>
    </line>
    <line>
      <![CDATA[By.xpath: (//div[contains(.,'Required to continue')])[4] : Element is Present<br>]]>
    </line>
    <line>
      <![CDATA[Now this is the Current URL :https://autoinsurance1.progressivedirect.com/0/UQA/Quote/NameAndAddressEdit<br>]]>
    </line>
    <line>
      <![CDATA[2230 Manning STValue Passed to :[[ChromeDriver: chrome on WINDOWS (363e5847e8be6fec79f17f3ebc0cb8c4)] -> id: NameAndAddressEdit_embedded_questions_list_MailingAddress]<br>]]>
    </line>
    <line>
      <![CDATA[By.xpath: (//div[contains(.,'Reqpuired to continue')])[5] : Element is Not Present<br>]]>
    </line>
    <line>
      <![CDATA[Element is Clicking :Proxy element for: DefaultElementLocator 'By.xpath: //button[text()='Okay, start my quote.']'<br>]]>
    </line>
    <line>
      <![CDATA[2016Value has been selected from the element :[[ChromeDriver: chrome on WINDOWS (363e5847e8be6fec79f17f3ebc0cb8c4)] -> id: VehiclesNew_embedded_questions_list_Year]<br>]]>
    </line>
    <line>
      <![CDATA[JEEPValue has been selected from the element :[[ChromeDriver: chrome on WINDOWS (363e5847e8be6fec79f17f3ebc0cb8c4)] -> id: VehiclesNew_embedded_questions_list_Make]<br>]]>
    </line>
    <line>
      <![CDATA[WRANGLERValue has been selected from the element :[[ChromeDriver: chrome on WINDOWS (363e5847e8be6fec79f17f3ebc0cb8c4)] -> id: VehiclesNew_embedded_questions_list_Model]<br>]]>
    </line>
    <line>
      <![CDATA[Locator Doesn't match Proxy element for: DefaultElementLocator 'By.id: VehiclesNew_embedded_questions_list_BodyStyle'
no such element: Unable to locate element: {"method":"css selector","selector":"#VehiclesNew_embedded_questions_list_BodyStyle"}
  (Session info: chrome=101.0.4951.67)
For documentation on this error, please visit: https://selenium.dev/exceptions/#no_such_element
Build info: version: '4.1.3', revision: '7b1ebf28ef'
System info: host: 'LAPTOP-R8RR6QSD', ip: '192.168.1.232', os.name: 'Windows 11', os.arch: 'amd64', os.version: '10.0', java.version: '18.0.1.1'
Driver info: org.openqa.selenium.chrome.ChromeDriver
Command: [363e5847e8be6fec79f17f3ebc0cb8c4, findElement {using=id, value=VehiclesNew_embedded_questions_list_BodyStyle}]
Capabilities {acceptInsecureCerts: false, browserName: chrome, browserVersion: 101.0.4951.67, chrome: {chromedriverVersion: 101.0.4951.41 (93c720db8323..., userDataDir: C:\Users\farmi\AppData\Loca...}, goog:chromeOptions: {debuggerAddress: localhost:63971}, javascriptEnabled: true, networkConnectionEnabled: false, pageLoadStrategy: normal, platform: WINDOWS, platformName: WINDOWS, proxy: Proxy(), se:cdp: ws://localhost:63971/devtoo..., se:cdpVersion: 101.0.4951.67, setWindowRect: true, strictFileInteractability: false, timeouts: {implicit: 0, pageLoad: 300000, script: 30000}, unhandledPromptBehavior: dismiss and notify, webauthn:extension:credBlob: true, webauthn:extension:largeBlob: true, webauthn:virtualAuthenticators: true}
Session ID: 363e5847e8be6fec79f17f3ebc0cb8c4<br>]]>
    </line>
  </reporter-output>
  <suite started-at="2022-05-22T22:00:46 EDT" name="Suite" finished-at="2022-05-22T22:02:28 EDT" duration-ms="102174">
    <groups>
    </groups>
    <test started-at="2022-05-22T22:00:46 EDT" name="RegressionTest" finished-at="2022-05-22T22:02:28 EDT" duration-ms="102174">
      <class name="pncbank.com.qa.test.AutoTestRobust">
        <test-method is-config="true" signature="setUp()[pri:0, instance:pncbank.com.qa.test.AutoTestRobust@72057ecf]" started-at="2022-05-22T22:00:46 EDT" name="setUp" finished-at="2022-05-22T22:00:50 EDT" duration-ms="4365" status="PASS">
          <reporter-output>
          </reporter-output>
        </test-method> <!-- setUp -->
        <test-method signature="BMWtest()[pri:1, instance:pncbank.com.qa.test.AutoTestRobust@72057ecf]" started-at="2022-05-22T22:00:50 EDT" name="BMWtest" finished-at="2022-05-22T22:01:34 EDT" duration-ms="43845" status="PASS">
          <reporter-output>
            <line>
              <![CDATA[Element is Clicking :[[ChromeDriver: chrome on WINDOWS (221a08ba14202110ba32f0d7303fe439)] -> xpath: (//p[@class='txt'])[1]]<br>]]>
            </line>
            <line>
              <![CDATA[Now this is the Current URL :https://www.progressive.com/#l<br>]]>
            </line>
            <line>
              <![CDATA[10029Value Passed to :[[ChromeDriver: chrome on WINDOWS (221a08ba14202110ba32f0d7303fe439)] -> id: zipCode_overlay]<br>]]>
            </line>
            <line>
              <![CDATA[Now this is the Current URL :https://www.progressive.com/#l<br>]]>
            </line>
            <line>
              <![CDATA[Element is Clicking :[[ChromeDriver: chrome on WINDOWS (221a08ba14202110ba32f0d7303fe439)] -> id: qsButton_overlay]<br>]]>
            </line>
            <line>
              <![CDATA[DravidValue Passed to :[[ChromeDriver: chrome on WINDOWS (221a08ba14202110ba32f0d7303fe439)] -> id: NameAndAddressEdit_embedded_questions_list_FirstName]<br>]]>
            </line>
            <line>
              <![CDATA[MValue Passed to the :[[ChromeDriver: chrome on WINDOWS (221a08ba14202110ba32f0d7303fe439)] -> id: NameAndAddressEdit_embedded_questions_list_MiddleInitial]<br>]]>
            </line>
            <line>
              <![CDATA[ChowdhuryValue Passed to :[[ChromeDriver: chrome on WINDOWS (221a08ba14202110ba32f0d7303fe439)] -> id: NameAndAddressEdit_embedded_questions_list_LastName]<br>]]>
            </line>
            <line>
              <![CDATA[SRValue has been selected from the element :[[ChromeDriver: chrome on WINDOWS (221a08ba14202110ba32f0d7303fe439)] -> id: NameAndAddressEdit_embedded_questions_list_Suffix]<br>]]>
            </line>
            <line>
              <![CDATA[12/30/1978Value Passed to :[[ChromeDriver: chrome on WINDOWS (221a08ba14202110ba32f0d7303fe439)] -> id: NameAndAddressEdit_embedded_questions_list_DateOfBirth]<br>]]>
            </line>
            <line>
              <![CDATA[35E 106th STValue Passed to :[[ChromeDriver: chrome on WINDOWS (221a08ba14202110ba32f0d7303fe439)] -> id: NameAndAddressEdit_embedded_questions_list_MailingAddress]<br>]]>
            </line>
            <line>
              <![CDATA[6kValue Passed to :[[ChromeDriver: chrome on WINDOWS (221a08ba14202110ba32f0d7303fe439)] -> id: NameAndAddressEdit_embedded_questions_list_ApartmentUnit]<br>]]>
            </line>
            <line>
              <![CDATA[ManhattonValue Passed to :[[ChromeDriver: chrome on WINDOWS (221a08ba14202110ba32f0d7303fe439)] -> id: NameAndAddressEdit_embedded_questions_list_City]<br>]]>
            </line>
            <line>
              <![CDATA[Element is not Selected [[ChromeDriver: chrome on WINDOWS (221a08ba14202110ba32f0d7303fe439)] -> tag name: checkbox-input]<br>]]>
            </line>
            <line>
              <![CDATA[Element is Clicking :[[ChromeDriver: chrome on WINDOWS (221a08ba14202110ba32f0d7303fe439)] -> tag name: checkbox-input]<br>]]>
            </line>
            <line>
              <![CDATA[Element is Clicking :[[ChromeDriver: chrome on WINDOWS (221a08ba14202110ba32f0d7303fe439)] -> xpath: //button[text()='Okay, start my quote.']]<br>]]>
            </line>
            <line>
              <![CDATA[By.xpath: (//div[contains(.,'Required to continue')])[4] : Element is Present<br>]]>
            </line>
            <line>
              <![CDATA[Now this is the Current URL :https://autoinsurance1.progressivedirect.com/0/UQA/Quote/NameAndAddressEdit<br>]]>
            </line>
            <line>
              <![CDATA[35E 106th STValue Passed to :[[ChromeDriver: chrome on WINDOWS (221a08ba14202110ba32f0d7303fe439)] -> id: NameAndAddressEdit_embedded_questions_list_MailingAddress]<br>]]>
            </line>
            <line>
              <![CDATA[By.xpath: (//div[contains(.,'Reqpuired to continue')])[5] : Element is Not Present<br>]]>
            </line>
            <line>
              <![CDATA[Element is Clicking :Proxy element for: DefaultElementLocator 'By.xpath: //button[text()='Okay, start my quote.']'<br>]]>
            </line>
            <line>
              <![CDATA[2016Value has been selected from the element :[[ChromeDriver: chrome on WINDOWS (221a08ba14202110ba32f0d7303fe439)] -> id: VehiclesNew_embedded_questions_list_Year]<br>]]>
            </line>
            <line>
              <![CDATA[BMWValue has been selected from the element :[[ChromeDriver: chrome on WINDOWS (221a08ba14202110ba32f0d7303fe439)] -> id: VehiclesNew_embedded_questions_list_Make]<br>]]>
            </line>
            <line>
              <![CDATA[228Value has been selected from the element :[[ChromeDriver: chrome on WINDOWS (221a08ba14202110ba32f0d7303fe439)] -> id: VehiclesNew_embedded_questions_list_Model]<br>]]>
            </line>
            <line>
              <![CDATA[2DR 4CYLValue has been selected from the element :[[ChromeDriver: chrome on WINDOWS (221a08ba14202110ba32f0d7303fe439)] -> id: VehiclesNew_embedded_questions_list_BodyStyle]<br>]]>
            </line>
            <line>
              <![CDATA[2TNCValue has been selected from the element :[[ChromeDriver: chrome on WINDOWS (221a08ba14202110ba32f0d7303fe439)] -> id: VehiclesNew_embedded_questions_list_VehicleUse]<br>]]>
            </line>
            <line>
              <![CDATA[1Value has been selected from the element :[[ChromeDriver: chrome on WINDOWS (221a08ba14202110ba32f0d7303fe439)] -> id: VehiclesNew_embedded_questions_list_OwnOrLease]<br>]]>
            </line>
            <line>
              <![CDATA[EValue has been selected from the element :[[ChromeDriver: chrome on WINDOWS (221a08ba14202110ba32f0d7303fe439)] -> id: VehiclesNew_embedded_questions_list_LengthOfOwnership]<br>]]>
            </line>
            <line>
              <![CDATA[9Value has been selected from the element :[[ChromeDriver: chrome on WINDOWS (221a08ba14202110ba32f0d7303fe439)] -> id: VehiclesNew_embedded_questions_list_AntitheftDevice]<br>]]>
            </line>
            <line>
              <![CDATA[Element is Clicking :Proxy element for: DefaultElementLocator 'By.xpath: //button[contains(text(),'Done')]'<br>]]>
            </line>
            <line>
              <![CDATA[Element is Clicking :[[ChromeDriver: chrome on WINDOWS (221a08ba14202110ba32f0d7303fe439)] -> xpath: //button[text()='Continue']]<br>]]>
            </line>
          </reporter-output>
        </test-method> <!-- BMWtest -->
        <test-method is-config="true" signature="cleaningUp()[pri:0, instance:pncbank.com.qa.test.AutoTestRobust@72057ecf]" started-at="2022-05-22T22:01:34 EDT" name="cleaningUp" finished-at="2022-05-22T22:01:34 EDT" duration-ms="0" status="PASS">
          <reporter-output>
          </reporter-output>
        </test-method> <!-- cleaningUp -->
        <test-method is-config="true" signature="setUp()[pri:0, instance:pncbank.com.qa.test.AutoTestRobust@72057ecf]" started-at="2022-05-22T22:01:34 EDT" name="setUp" finished-at="2022-05-22T22:01:37 EDT" duration-ms="3147" status="PASS">
          <reporter-output>
          </reporter-output>
        </test-method> <!-- setUp -->
        <test-method signature="jeeptest()[pri:2, instance:pncbank.com.qa.test.AutoTestRobust@72057ecf]" started-at="2022-05-22T22:01:37 EDT" name="jeeptest" finished-at="2022-05-22T22:02:28 EDT" duration-ms="50778" status="FAIL">
          <exception class="java.lang.AssertionError">
            <message>
              <![CDATA[null]]>
            </message>
            <full-stacktrace>
              <![CDATA[java.lang.AssertionError: null
at org.testng.Assert.fail(Assert.java:99)
at org.testng.Assert.fail(Assert.java:106)
at commons.CommonActions.selectValue(CommonActions.java:77)
at objects.VehicalePage.bodyType(VehicalePage.java:55)
at objects.VehicalePage.vehicalepageSteps(VehicalePage.java:87)
at pncbank.com.qa.test.AutoTestRobust.jeeptest(AutoTestRobust.java:14)
at java.base/jdk.internal.reflect.DirectMethodHandleAccessor.invoke(DirectMethodHandleAccessor.java:104)
at java.base/java.lang.reflect.Method.invoke(Method.java:577)
at org.testng.internal.MethodInvocationHelper.invokeMethod(MethodInvocationHelper.java:133)
at org.testng.internal.TestInvoker.invokeMethod(TestInvoker.java:598)
at org.testng.internal.TestInvoker.invokeTestMethod(TestInvoker.java:173)
at org.testng.internal.MethodRunner.runInSequence(MethodRunner.java:46)
at org.testng.internal.TestInvoker$MethodInvocationAgent.invoke(TestInvoker.java:824)
at org.testng.internal.TestInvoker.invokeTestMethods(TestInvoker.java:146)
at org.testng.internal.TestMethodWorker.invokeTestMethods(TestMethodWorker.java:146)
at org.testng.internal.TestMethodWorker.run(TestMethodWorker.java:128)
at java.base/java.util.ArrayList.forEach(ArrayList.java:1511)
at org.testng.TestRunner.privateRun(TestRunner.java:794)
at org.testng.TestRunner.run(TestRunner.java:596)
at org.testng.SuiteRunner.runTest(SuiteRunner.java:377)
at org.testng.SuiteRunner.runSequentially(SuiteRunner.java:371)
at org.testng.SuiteRunner.privateRun(SuiteRunner.java:332)
at org.testng.SuiteRunner.run(SuiteRunner.java:276)
at org.testng.SuiteRunnerWorker.runSuite(SuiteRunnerWorker.java:53)
at org.testng.SuiteRunnerWorker.run(SuiteRunnerWorker.java:96)
at org.testng.TestNG.runSuitesSequentially(TestNG.java:1212)
at org.testng.TestNG.runSuitesLocally(TestNG.java:1134)
at org.testng.TestNG.runSuites(TestNG.java:1063)
at org.testng.TestNG.run(TestNG.java:1031)
at org.testng.remote.AbstractRemoteTestNG.run(AbstractRemoteTestNG.java:115)
at org.testng.remote.RemoteTestNG.initAndRun(RemoteTestNG.java:251)
at org.testng.remote.RemoteTestNG.main(RemoteTestNG.java:77)
]]>
            </full-stacktrace>
          </exception> <!-- java.lang.AssertionError -->
          <reporter-output>
            <line>
              <![CDATA[Element is Clicking :[[ChromeDriver: chrome on WINDOWS (363e5847e8be6fec79f17f3ebc0cb8c4)] -> xpath: (//p[@class='txt'])[1]]<br>]]>
            </line>
            <line>
              <![CDATA[Now this is the Current URL :https://www.progressive.com/#l<br>]]>
            </line>
            <line>
              <![CDATA[10462Value Passed to :[[ChromeDriver: chrome on WINDOWS (363e5847e8be6fec79f17f3ebc0cb8c4)] -> id: zipCode_overlay]<br>]]>
            </line>
            <line>
              <![CDATA[Now this is the Current URL :https://www.progressive.com/#l<br>]]>
            </line>
            <line>
              <![CDATA[Element is Clicking :[[ChromeDriver: chrome on WINDOWS (363e5847e8be6fec79f17f3ebc0cb8c4)] -> id: qsButton_overlay]<br>]]>
            </line>
            <line>
              <![CDATA[JamilValue Passed to :[[ChromeDriver: chrome on WINDOWS (363e5847e8be6fec79f17f3ebc0cb8c4)] -> id: NameAndAddressEdit_embedded_questions_list_FirstName]<br>]]>
            </line>
            <line>
              <![CDATA[MValue Passed to the :[[ChromeDriver: chrome on WINDOWS (363e5847e8be6fec79f17f3ebc0cb8c4)] -> id: NameAndAddressEdit_embedded_questions_list_MiddleInitial]<br>]]>
            </line>
            <line>
              <![CDATA[HasanValue Passed to :[[ChromeDriver: chrome on WINDOWS (363e5847e8be6fec79f17f3ebc0cb8c4)] -> id: NameAndAddressEdit_embedded_questions_list_LastName]<br>]]>
            </line>
            <line>
              <![CDATA[SRValue has been selected from the element :[[ChromeDriver: chrome on WINDOWS (363e5847e8be6fec79f17f3ebc0cb8c4)] -> id: NameAndAddressEdit_embedded_questions_list_Suffix]<br>]]>
            </line>
            <line>
              <![CDATA[12/30/1978Value Passed to :[[ChromeDriver: chrome on WINDOWS (363e5847e8be6fec79f17f3ebc0cb8c4)] -> id: NameAndAddressEdit_embedded_questions_list_DateOfBirth]<br>]]>
            </line>
            <line>
              <![CDATA[2230 Manning STValue Passed to :[[ChromeDriver: chrome on WINDOWS (363e5847e8be6fec79f17f3ebc0cb8c4)] -> id: NameAndAddressEdit_embedded_questions_list_MailingAddress]<br>]]>
            </line>
            <line>
              <![CDATA[3BValue Passed to :[[ChromeDriver: chrome on WINDOWS (363e5847e8be6fec79f17f3ebc0cb8c4)] -> id: NameAndAddressEdit_embedded_questions_list_ApartmentUnit]<br>]]>
            </line>
            <line>
              <![CDATA[BronxValue Passed to :[[ChromeDriver: chrome on WINDOWS (363e5847e8be6fec79f17f3ebc0cb8c4)] -> id: NameAndAddressEdit_embedded_questions_list_City]<br>]]>
            </line>
            <line>
              <![CDATA[Element is not Selected [[ChromeDriver: chrome on WINDOWS (363e5847e8be6fec79f17f3ebc0cb8c4)] -> tag name: checkbox-input]<br>]]>
            </line>
            <line>
              <![CDATA[Element is Clicking :[[ChromeDriver: chrome on WINDOWS (363e5847e8be6fec79f17f3ebc0cb8c4)] -> tag name: checkbox-input]<br>]]>
            </line>
            <line>
              <![CDATA[Element is Clicking :[[ChromeDriver: chrome on WINDOWS (363e5847e8be6fec79f17f3ebc0cb8c4)] -> xpath: //button[text()='Okay, start my quote.']]<br>]]>
            </line>
            <line>
              <![CDATA[By.xpath: (//div[contains(.,'Required to continue')])[4] : Element is Present<br>]]>
            </line>
            <line>
              <![CDATA[Now this is the Current URL :https://autoinsurance1.progressivedirect.com/0/UQA/Quote/NameAndAddressEdit<br>]]>
            </line>
            <line>
              <![CDATA[2230 Manning STValue Passed to :[[ChromeDriver: chrome on WINDOWS (363e5847e8be6fec79f17f3ebc0cb8c4)] -> id: NameAndAddressEdit_embedded_questions_list_MailingAddress]<br>]]>
            </line>
            <line>
              <![CDATA[By.xpath: (//div[contains(.,'Reqpuired to continue')])[5] : Element is Not Present<br>]]>
            </line>
            <line>
              <![CDATA[Element is Clicking :Proxy element for: DefaultElementLocator 'By.xpath: //button[text()='Okay, start my quote.']'<br>]]>
            </line>
            <line>
              <![CDATA[2016Value has been selected from the element :[[ChromeDriver: chrome on WINDOWS (363e5847e8be6fec79f17f3ebc0cb8c4)] -> id: VehiclesNew_embedded_questions_list_Year]<br>]]>
            </line>
            <line>
              <![CDATA[JEEPValue has been selected from the element :[[ChromeDriver: chrome on WINDOWS (363e5847e8be6fec79f17f3ebc0cb8c4)] -> id: VehiclesNew_embedded_questions_list_Make]<br>]]>
            </line>
            <line>
              <![CDATA[WRANGLERValue has been selected from the element :[[ChromeDriver: chrome on WINDOWS (363e5847e8be6fec79f17f3ebc0cb8c4)] -> id: VehiclesNew_embedded_questions_list_Model]<br>]]>
            </line>
            <line>
              <![CDATA[Locator Doesn't match Proxy element for: DefaultElementLocator 'By.id: VehiclesNew_embedded_questions_list_BodyStyle'
no such element: Unable to locate element: {"method":"css selector","selector":"#VehiclesNew_embedded_questions_list_BodyStyle"}
  (Session info: chrome=101.0.4951.67)
For documentation on this error, please visit: https://selenium.dev/exceptions/#no_such_element
Build info: version: '4.1.3', revision: '7b1ebf28ef'
System info: host: 'LAPTOP-R8RR6QSD', ip: '192.168.1.232', os.name: 'Windows 11', os.arch: 'amd64', os.version: '10.0', java.version: '18.0.1.1'
Driver info: org.openqa.selenium.chrome.ChromeDriver
Command: [363e5847e8be6fec79f17f3ebc0cb8c4, findElement {using=id, value=VehiclesNew_embedded_questions_list_BodyStyle}]
Capabilities {acceptInsecureCerts: false, browserName: chrome, browserVersion: 101.0.4951.67, chrome: {chromedriverVersion: 101.0.4951.41 (93c720db8323..., userDataDir: C:\Users\farmi\AppData\Loca...}, goog:chromeOptions: {debuggerAddress: localhost:63971}, javascriptEnabled: true, networkConnectionEnabled: false, pageLoadStrategy: normal, platform: WINDOWS, platformName: WINDOWS, proxy: Proxy(), se:cdp: ws://localhost:63971/devtoo..., se:cdpVersion: 101.0.4951.67, setWindowRect: true, strictFileInteractability: false, timeouts: {implicit: 0, pageLoad: 300000, script: 30000}, unhandledPromptBehavior: dismiss and notify, webauthn:extension:credBlob: true, webauthn:extension:largeBlob: true, webauthn:virtualAuthenticators: true}
Session ID: 363e5847e8be6fec79f17f3ebc0cb8c4<br>]]>
            </line>
          </reporter-output>
        </test-method> <!-- jeeptest -->
        <test-method is-config="true" signature="cleaningUp()[pri:0, instance:pncbank.com.qa.test.AutoTestRobust@72057ecf]" started-at="2022-05-22T22:02:28 EDT" name="cleaningUp" finished-at="2022-05-22T22:02:28 EDT" duration-ms="0" status="PASS">
          <reporter-output>
          </reporter-output>
        </test-method> <!-- cleaningUp -->
      </class> <!-- pncbank.com.qa.test.AutoTestRobust -->
    </test> <!-- RegressionTest -->
  </suite> <!-- Suite -->
</testng-results>
