<?xml version="1.0" encoding="UTF-8"?>
<!-- Generated by org.testng.reporters.JUnitReportReporter -->
<testsuite hostname="LAPTOP-R8RR6QSD" failures="0" tests="2" name="pncbank.com.qa.test.AutoTest" time="16.011" errors="1" timestamp="2022-05-21T03:37:42 EDT" skipped="1">
  <testcase classname="pncbank.com.qa.test.AutoTest" name="autoTestjeep" time="16.011">
    <error message="no such window: target window already closed
from unknown error: web view not found
  (Session info: chrome=101.0.4951.67)
Build info: version: &#039;4.1.3&#039;, revision: &#039;7b1ebf28ef&#039;
System info: host: &#039;LAPTOP-R8RR6QSD&#039;, ip: &#039;192.168.1.232&#039;, os.name: &#039;Windows 11&#039;, os.arch: &#039;amd64&#039;, os.version: &#039;10.0&#039;, java.version: &#039;18.0.1.1&#039;
Driver info: org.openqa.selenium.chrome.ChromeDriver
Command: [073cdb9509d7c4c5dc3db15f70d8f91d, findElement {using=id, value=VehiclesNew_embedded_questions_list_Year}]
Capabilities {acceptInsecureCerts: false, browserName: chrome, browserVersion: 101.0.4951.67, chrome: {chromedriverVersion: 101.0.4951.41 (93c720db8323..., userDataDir: C:\Users\farmi\AppData\Loca...}, goog:chromeOptions: {debuggerAddress: localhost:57049}, javascriptEnabled: true, networkConnectionEnabled: false, pageLoadStrategy: normal, platform: WINDOWS, platformName: WINDOWS, proxy: Proxy(), se:cdp: ws://localhost:57049/devtoo..., se:cdpVersion: 101.0.4951.67, setWindowRect: true, strictFileInteractability: false, timeouts: {implicit: 0, pageLoad: 300000, script: 30000}, unhandledPromptBehavior: dismiss and notify, webauthn:extension:credBlob: true, webauthn:extension:largeBlob: true, webauthn:virtualAuthenticators: true}
Session ID: 073cdb9509d7c4c5dc3db15f70d8f91d" type="org.openqa.selenium.NoSuchWindowException">
      <![CDATA[org.openqa.selenium.NoSuchWindowException: no such window: target window already closed
from unknown error: web view not found
  (Session info: chrome=101.0.4951.67)
Build info: version: '4.1.3', revision: '7b1ebf28ef'
System info: host: 'LAPTOP-R8RR6QSD', ip: '192.168.1.232', os.name: 'Windows 11', os.arch: 'amd64', os.version: '10.0', java.version: '18.0.1.1'
Driver info: org.openqa.selenium.chrome.ChromeDriver
Command: [073cdb9509d7c4c5dc3db15f70d8f91d, findElement {using=id, value=VehiclesNew_embedded_questions_list_Year}]
Capabilities {acceptInsecureCerts: false, browserName: chrome, browserVersion: 101.0.4951.67, chrome: {chromedriverVersion: 101.0.4951.41 (93c720db8323..., userDataDir: C:\Users\farmi\AppData\Loca...}, goog:chromeOptions: {debuggerAddress: localhost:57049}, javascriptEnabled: true, networkConnectionEnabled: false, pageLoadStrategy: normal, platform: WINDOWS, platformName: WINDOWS, proxy: Proxy(), se:cdp: ws://localhost:57049/devtoo..., se:cdpVersion: 101.0.4951.67, setWindowRect: true, strictFileInteractability: false, timeouts: {implicit: 0, pageLoad: 300000, script: 30000}, unhandledPromptBehavior: dismiss and notify, webauthn:extension:credBlob: true, webauthn:extension:largeBlob: true, webauthn:virtualAuthenticators: true}
Session ID: 073cdb9509d7c4c5dc3db15f70d8f91d
at java.base/jdk.internal.reflect.DirectConstructorHandleAccessor.newInstance(DirectConstructorHandleAccessor.java:67)
at java.base/java.lang.reflect.Constructor.newInstanceWithCaller(Constructor.java:499)
at java.base/java.lang.reflect.Constructor.newInstance(Constructor.java:483)
at org.openqa.selenium.remote.codec.w3c.W3CHttpResponseCodec.createException(W3CHttpResponseCodec.java:200)
at org.openqa.selenium.remote.codec.w3c.W3CHttpResponseCodec.decode(W3CHttpResponseCodec.java:133)
at org.openqa.selenium.remote.codec.w3c.W3CHttpResponseCodec.decode(W3CHttpResponseCodec.java:53)
at org.openqa.selenium.remote.HttpCommandExecutor.execute(HttpCommandExecutor.java:184)
at org.openqa.selenium.remote.service.DriverCommandExecutor.invokeExecute(DriverCommandExecutor.java:167)
at org.openqa.selenium.remote.service.DriverCommandExecutor.execute(DriverCommandExecutor.java:142)
at org.openqa.selenium.remote.RemoteWebDriver.execute(RemoteWebDriver.java:567)
at org.openqa.selenium.remote.ElementLocation$ElementFinder$2.findElement(ElementLocation.java:162)
at org.openqa.selenium.remote.ElementLocation.findElement(ElementLocation.java:60)
at org.openqa.selenium.remote.RemoteWebDriver.findElement(RemoteWebDriver.java:385)
at org.openqa.selenium.remote.RemoteWebDriver.findElement(RemoteWebDriver.java:377)
at org.openqa.selenium.support.pagefactory.DefaultElementLocator.findElement(DefaultElementLocator.java:70)
at org.openqa.selenium.support.pagefactory.internal.LocatingElementHandler.invoke(LocatingElementHandler.java:39)
at jdk.proxy2/jdk.proxy2.$Proxy16.toString(Unknown Source)
at java.base/java.lang.String.valueOf(String.java:4213)
at java.base/java.lang.StringBuilder.append(StringBuilder.java:173)
at commons.CommonActions.selectValue(CommonActions.java:76)
at objects.VehicalePage.vehicaleYear(VehicalePage.java:48)
at pncbank.com.qa.test.AutoTest.autoTestjeep(AutoTest.java:27)
at java.base/jdk.internal.reflect.DirectMethodHandleAccessor.invoke(DirectMethodHandleAccessor.java:104)
at java.base/java.lang.reflect.Method.invoke(Method.java:577)
at org.testng.internal.MethodInvocationHelper.invokeMethod(MethodInvocationHelper.java:133)
at org.testng.internal.TestInvoker.invokeMethod(TestInvoker.java:598)
at org.testng.internal.TestInvoker.invokeTestMethod(TestInvoker.java:173)
at org.testng.internal.MethodRunner.runInSequence(MethodRunner.java:46)
at org.testng.internal.TestInvoker$MethodInvocationAgent.invoke(TestInvoker.java:824)
at org.testng.internal.TestInvoker.invokeTestMethods(TestInvoker.java:146)
at org.testng.internal.TestMethodWorker.invokeTestMethods(TestMethodWorker.java:146)
at org.testng.internal.TestMethodWorker.run(TestMethodWorker.java:128)
at java.base/java.util.ArrayList.forEach(ArrayList.java:1511)
at org.testng.TestRunner.privateRun(TestRunner.java:794)
at org.testng.TestRunner.run(TestRunner.java:596)
at org.testng.SuiteRunner.runTest(SuiteRunner.java:377)
at org.testng.SuiteRunner.runSequentially(SuiteRunner.java:371)
at org.testng.SuiteRunner.privateRun(SuiteRunner.java:332)
at org.testng.SuiteRunner.run(SuiteRunner.java:276)
at org.testng.SuiteRunnerWorker.runSuite(SuiteRunnerWorker.java:53)
at org.testng.SuiteRunnerWorker.run(SuiteRunnerWorker.java:96)
at org.testng.TestNG.runSuitesSequentially(TestNG.java:1212)
at org.testng.TestNG.runSuitesLocally(TestNG.java:1134)
at org.testng.TestNG.runSuites(TestNG.java:1063)
at org.testng.TestNG.run(TestNG.java:1031)
at org.testng.remote.AbstractRemoteTestNG.run(AbstractRemoteTestNG.java:115)
at org.testng.remote.RemoteTestNG.initAndRun(RemoteTestNG.java:251)
at org.testng.remote.RemoteTestNG.main(RemoteTestNG.java:77)
]]>
    </error>
  </testcase> <!-- autoTestjeep -->
  <system-out>
    <![CDATA[Element is Clicking :[[ChromeDriver: chrome on WINDOWS (073cdb9509d7c4c5dc3db15f70d8f91d)] -> xpath: (//p[@class='txt'])[1]]<br>
Now this is the Current URL :https://www.progressive.com/#l<br>
10462Value Passed to :[[ChromeDriver: chrome on WINDOWS (073cdb9509d7c4c5dc3db15f70d8f91d)] -> id: zipCode_overlay]<br>
Now this is the Current URL :https://www.progressive.com/#l<br>
Element is Clicking :[[ChromeDriver: chrome on WINDOWS (073cdb9509d7c4c5dc3db15f70d8f91d)] -> id: qsButton_overlay]<br>
DavidValue Passed to :[[ChromeDriver: chrome on WINDOWS (073cdb9509d7c4c5dc3db15f70d8f91d)] -> id: NameAndAddressEdit_embedded_questions_list_FirstName]<br>
mValue Passed to the :[[ChromeDriver: chrome on WINDOWS (073cdb9509d7c4c5dc3db15f70d8f91d)] -> id: NameAndAddressEdit_embedded_questions_list_MiddleInitial]<br>
WarnerValue Passed to :[[ChromeDriver: chrome on WINDOWS (073cdb9509d7c4c5dc3db15f70d8f91d)] -> id: NameAndAddressEdit_embedded_questions_list_LastName]<br>
IIValue has been selected from the element :[[ChromeDriver: chrome on WINDOWS (073cdb9509d7c4c5dc3db15f70d8f91d)] -> id: NameAndAddressEdit_embedded_questions_list_Suffix]<br>
12/30/1978Value Passed to :[[ChromeDriver: chrome on WINDOWS (073cdb9509d7c4c5dc3db15f70d8f91d)] -> id: NameAndAddressEdit_embedded_questions_list_DateOfBirth]<br>
2230 Manning StValue Passed to :[[ChromeDriver: chrome on WINDOWS (073cdb9509d7c4c5dc3db15f70d8f91d)] -> id: NameAndAddressEdit_embedded_questions_list_MailingAddress]<br>
1st FloorValue Passed to :[[ChromeDriver: chrome on WINDOWS (073cdb9509d7c4c5dc3db15f70d8f91d)] -> id: NameAndAddressEdit_embedded_questions_list_ApartmentUnit]<br>
BronxValue Passed to :[[ChromeDriver: chrome on WINDOWS (073cdb9509d7c4c5dc3db15f70d8f91d)] -> id: NameAndAddressEdit_embedded_questions_list_City]<br>
Element is not Selected [[ChromeDriver: chrome on WINDOWS (073cdb9509d7c4c5dc3db15f70d8f91d)] -> tag name: checkbox-input]<br>
Element is Clicking :[[ChromeDriver: chrome on WINDOWS (073cdb9509d7c4c5dc3db15f70d8f91d)] -> xpath: //button[text()='Okay, start my quote.']]<br>
By.xpath: (//div[contains(.,'Required to continue')])[4] : Element is Present<br>
Now this is the Current URL :https://autoinsurance1.progressivedirect.com/0/UQA/Quote/NameAndAddressEdit<br>
2230 Manning StValue Passed to :[[ChromeDriver: chrome on WINDOWS (073cdb9509d7c4c5dc3db15f70d8f91d)] -> id: NameAndAddressEdit_embedded_questions_list_MailingAddress]<br>
Element is Clicking :Proxy element for: DefaultElementLocator 'By.xpath: //button[text()='Okay, start my quote.']'<br>]]>
  </system-out>
  <testcase classname="pncbank.com.qa.test.AutoTest" name="autoTestBmw">
    <skipped/>
  </testcase> <!-- autoTestBmw -->
  <system-out/>
</testsuite> <!-- pncbank.com.qa.test.AutoTest -->
