<?xml version="1.0" encoding="UTF-8"?>
<!-- Generated by org.testng.reporters.JUnitReportReporter -->
<testsuite hostname="LAPTOP-R8RR6QSD" failures="1" tests="2" name="pncbank.com.qa.test.AutoTestRobust" time="102.135" errors="0" timestamp="2022-05-22T22:02:28 EDT" skipped="0">
  <testcase classname="pncbank.com.qa.test.AutoTestRobust" name="BMWtest" time="46.992"/>
  <system-out>
    <![CDATA[Element is Clicking :[[ChromeDriver: chrome on WINDOWS (221a08ba14202110ba32f0d7303fe439)] -> xpath: (//p[@class='txt'])[1]]<br>
Now this is the Current URL :https://www.progressive.com/#l<br>
10029Value Passed to :[[ChromeDriver: chrome on WINDOWS (221a08ba14202110ba32f0d7303fe439)] -> id: zipCode_overlay]<br>
Now this is the Current URL :https://www.progressive.com/#l<br>
Element is Clicking :[[ChromeDriver: chrome on WINDOWS (221a08ba14202110ba32f0d7303fe439)] -> id: qsButton_overlay]<br>
DravidValue Passed to :[[ChromeDriver: chrome on WINDOWS (221a08ba14202110ba32f0d7303fe439)] -> id: NameAndAddressEdit_embedded_questions_list_FirstName]<br>
MValue Passed to the :[[ChromeDriver: chrome on WINDOWS (221a08ba14202110ba32f0d7303fe439)] -> id: NameAndAddressEdit_embedded_questions_list_MiddleInitial]<br>
ChowdhuryValue Passed to :[[ChromeDriver: chrome on WINDOWS (221a08ba14202110ba32f0d7303fe439)] -> id: NameAndAddressEdit_embedded_questions_list_LastName]<br>
SRValue has been selected from the element :[[ChromeDriver: chrome on WINDOWS (221a08ba14202110ba32f0d7303fe439)] -> id: NameAndAddressEdit_embedded_questions_list_Suffix]<br>
12/30/1978Value Passed to :[[ChromeDriver: chrome on WINDOWS (221a08ba14202110ba32f0d7303fe439)] -> id: NameAndAddressEdit_embedded_questions_list_DateOfBirth]<br>
35E 106th STValue Passed to :[[ChromeDriver: chrome on WINDOWS (221a08ba14202110ba32f0d7303fe439)] -> id: NameAndAddressEdit_embedded_questions_list_MailingAddress]<br>
6kValue Passed to :[[ChromeDriver: chrome on WINDOWS (221a08ba14202110ba32f0d7303fe439)] -> id: NameAndAddressEdit_embedded_questions_list_ApartmentUnit]<br>
ManhattonValue Passed to :[[ChromeDriver: chrome on WINDOWS (221a08ba14202110ba32f0d7303fe439)] -> id: NameAndAddressEdit_embedded_questions_list_City]<br>
Element is not Selected [[ChromeDriver: chrome on WINDOWS (221a08ba14202110ba32f0d7303fe439)] -> tag name: checkbox-input]<br>
Element is Clicking :[[ChromeDriver: chrome on WINDOWS (221a08ba14202110ba32f0d7303fe439)] -> tag name: checkbox-input]<br>
Element is Clicking :[[ChromeDriver: chrome on WINDOWS (221a08ba14202110ba32f0d7303fe439)] -> xpath: //button[text()='Okay, start my quote.']]<br>
By.xpath: (//div[contains(.,'Required to continue')])[4] : Element is Present<br>
Now this is the Current URL :https://autoinsurance1.progressivedirect.com/0/UQA/Quote/NameAndAddressEdit<br>
35E 106th STValue Passed to :[[ChromeDriver: chrome on WINDOWS (221a08ba14202110ba32f0d7303fe439)] -> id: NameAndAddressEdit_embedded_questions_list_MailingAddress]<br>
By.xpath: (//div[contains(.,'Reqpuired to continue')])[5] : Element is Not Present<br>
Element is Clicking :Proxy element for: DefaultElementLocator 'By.xpath: //button[text()='Okay, start my quote.']'<br>
2016Value has been selected from the element :[[ChromeDriver: chrome on WINDOWS (221a08ba14202110ba32f0d7303fe439)] -> id: VehiclesNew_embedded_questions_list_Year]<br>
BMWValue has been selected from the element :[[ChromeDriver: chrome on WINDOWS (221a08ba14202110ba32f0d7303fe439)] -> id: VehiclesNew_embedded_questions_list_Make]<br>
228Value has been selected from the element :[[ChromeDriver: chrome on WINDOWS (221a08ba14202110ba32f0d7303fe439)] -> id: VehiclesNew_embedded_questions_list_Model]<br>
2DR 4CYLValue has been selected from the element :[[ChromeDriver: chrome on WINDOWS (221a08ba14202110ba32f0d7303fe439)] -> id: VehiclesNew_embedded_questions_list_BodyStyle]<br>
2TNCValue has been selected from the element :[[ChromeDriver: chrome on WINDOWS (221a08ba14202110ba32f0d7303fe439)] -> id: VehiclesNew_embedded_questions_list_VehicleUse]<br>
1Value has been selected from the element :[[ChromeDriver: chrome on WINDOWS (221a08ba14202110ba32f0d7303fe439)] -> id: VehiclesNew_embedded_questions_list_OwnOrLease]<br>
EValue has been selected from the element :[[ChromeDriver: chrome on WINDOWS (221a08ba14202110ba32f0d7303fe439)] -> id: VehiclesNew_embedded_questions_list_LengthOfOwnership]<br>
9Value has been selected from the element :[[ChromeDriver: chrome on WINDOWS (221a08ba14202110ba32f0d7303fe439)] -> id: VehiclesNew_embedded_questions_list_AntitheftDevice]<br>
Element is Clicking :Proxy element for: DefaultElementLocator 'By.xpath: //button[contains(text(),'Done')]'<br>
Element is Clicking :[[ChromeDriver: chrome on WINDOWS (221a08ba14202110ba32f0d7303fe439)] -> xpath: //button[text()='Continue']]<br>]]>
  </system-out>
  <testcase classname="pncbank.com.qa.test.AutoTestRobust" name="jeeptest" time="55.143">
    <failure message="null" type="java.lang.AssertionError">
      <![CDATA[java.lang.AssertionError: null
at org.testng.Assert.fail(Assert.java:99)
at org.testng.Assert.fail(Assert.java:106)
at commons.CommonActions.selectValue(CommonActions.java:77)
at objects.VehicalePage.bodyType(VehicalePage.java:55)
at objects.VehicalePage.vehicalepageSteps(VehicalePage.java:87)
at pncbank.com.qa.test.AutoTestRobust.jeeptest(AutoTestRobust.java:14)
at java.base/jdk.internal.reflect.DirectMethodHandleAccessor.invoke(DirectMethodHandleAccessor.java:104)
at java.base/java.lang.reflect.Method.invoke(Method.java:577)
at org.testng.internal.MethodInvocationHelper.invokeMethod(MethodInvocationHelper.java:133)
at org.testng.internal.TestInvoker.invokeMethod(TestInvoker.java:598)
at org.testng.internal.TestInvoker.invokeTestMethod(TestInvoker.java:173)
at org.testng.internal.MethodRunner.runInSequence(MethodRunner.java:46)
at org.testng.internal.TestInvoker$MethodInvocationAgent.invoke(TestInvoker.java:824)
at org.testng.internal.TestInvoker.invokeTestMethods(TestInvoker.java:146)
at org.testng.internal.TestMethodWorker.invokeTestMethods(TestMethodWorker.java:146)
at org.testng.internal.TestMethodWorker.run(TestMethodWorker.java:128)
at java.base/java.util.ArrayList.forEach(ArrayList.java:1511)
at org.testng.TestRunner.privateRun(TestRunner.java:794)
at org.testng.TestRunner.run(TestRunner.java:596)
at org.testng.SuiteRunner.runTest(SuiteRunner.java:377)
at org.testng.SuiteRunner.runSequentially(SuiteRunner.java:371)
at org.testng.SuiteRunner.privateRun(SuiteRunner.java:332)
at org.testng.SuiteRunner.run(SuiteRunner.java:276)
at org.testng.SuiteRunnerWorker.runSuite(SuiteRunnerWorker.java:53)
at org.testng.SuiteRunnerWorker.run(SuiteRunnerWorker.java:96)
at org.testng.TestNG.runSuitesSequentially(TestNG.java:1212)
at org.testng.TestNG.runSuitesLocally(TestNG.java:1134)
at org.testng.TestNG.runSuites(TestNG.java:1063)
at org.testng.TestNG.run(TestNG.java:1031)
at org.testng.remote.AbstractRemoteTestNG.run(AbstractRemoteTestNG.java:115)
at org.testng.remote.RemoteTestNG.initAndRun(RemoteTestNG.java:251)
at org.testng.remote.RemoteTestNG.main(RemoteTestNG.java:77)
]]>
    </failure>
  </testcase> <!-- jeeptest -->
  <system-out>
    <![CDATA[Element is Clicking :[[ChromeDriver: chrome on WINDOWS (363e5847e8be6fec79f17f3ebc0cb8c4)] -> xpath: (//p[@class='txt'])[1]]<br>
Now this is the Current URL :https://www.progressive.com/#l<br>
10462Value Passed to :[[ChromeDriver: chrome on WINDOWS (363e5847e8be6fec79f17f3ebc0cb8c4)] -> id: zipCode_overlay]<br>
Now this is the Current URL :https://www.progressive.com/#l<br>
Element is Clicking :[[ChromeDriver: chrome on WINDOWS (363e5847e8be6fec79f17f3ebc0cb8c4)] -> id: qsButton_overlay]<br>
JamilValue Passed to :[[ChromeDriver: chrome on WINDOWS (363e5847e8be6fec79f17f3ebc0cb8c4)] -> id: NameAndAddressEdit_embedded_questions_list_FirstName]<br>
MValue Passed to the :[[ChromeDriver: chrome on WINDOWS (363e5847e8be6fec79f17f3ebc0cb8c4)] -> id: NameAndAddressEdit_embedded_questions_list_MiddleInitial]<br>
HasanValue Passed to :[[ChromeDriver: chrome on WINDOWS (363e5847e8be6fec79f17f3ebc0cb8c4)] -> id: NameAndAddressEdit_embedded_questions_list_LastName]<br>
SRValue has been selected from the element :[[ChromeDriver: chrome on WINDOWS (363e5847e8be6fec79f17f3ebc0cb8c4)] -> id: NameAndAddressEdit_embedded_questions_list_Suffix]<br>
12/30/1978Value Passed to :[[ChromeDriver: chrome on WINDOWS (363e5847e8be6fec79f17f3ebc0cb8c4)] -> id: NameAndAddressEdit_embedded_questions_list_DateOfBirth]<br>
2230 Manning STValue Passed to :[[ChromeDriver: chrome on WINDOWS (363e5847e8be6fec79f17f3ebc0cb8c4)] -> id: NameAndAddressEdit_embedded_questions_list_MailingAddress]<br>
3BValue Passed to :[[ChromeDriver: chrome on WINDOWS (363e5847e8be6fec79f17f3ebc0cb8c4)] -> id: NameAndAddressEdit_embedded_questions_list_ApartmentUnit]<br>
BronxValue Passed to :[[ChromeDriver: chrome on WINDOWS (363e5847e8be6fec79f17f3ebc0cb8c4)] -> id: NameAndAddressEdit_embedded_questions_list_City]<br>
Element is not Selected [[ChromeDriver: chrome on WINDOWS (363e5847e8be6fec79f17f3ebc0cb8c4)] -> tag name: checkbox-input]<br>
Element is Clicking :[[ChromeDriver: chrome on WINDOWS (363e5847e8be6fec79f17f3ebc0cb8c4)] -> tag name: checkbox-input]<br>
Element is Clicking :[[ChromeDriver: chrome on WINDOWS (363e5847e8be6fec79f17f3ebc0cb8c4)] -> xpath: //button[text()='Okay, start my quote.']]<br>
By.xpath: (//div[contains(.,'Required to continue')])[4] : Element is Present<br>
Now this is the Current URL :https://autoinsurance1.progressivedirect.com/0/UQA/Quote/NameAndAddressEdit<br>
2230 Manning STValue Passed to :[[ChromeDriver: chrome on WINDOWS (363e5847e8be6fec79f17f3ebc0cb8c4)] -> id: NameAndAddressEdit_embedded_questions_list_MailingAddress]<br>
By.xpath: (//div[contains(.,'Reqpuired to continue')])[5] : Element is Not Present<br>
Element is Clicking :Proxy element for: DefaultElementLocator 'By.xpath: //button[text()='Okay, start my quote.']'<br>
2016Value has been selected from the element :[[ChromeDriver: chrome on WINDOWS (363e5847e8be6fec79f17f3ebc0cb8c4)] -> id: VehiclesNew_embedded_questions_list_Year]<br>
JEEPValue has been selected from the element :[[ChromeDriver: chrome on WINDOWS (363e5847e8be6fec79f17f3ebc0cb8c4)] -> id: VehiclesNew_embedded_questions_list_Make]<br>
WRANGLERValue has been selected from the element :[[ChromeDriver: chrome on WINDOWS (363e5847e8be6fec79f17f3ebc0cb8c4)] -> id: VehiclesNew_embedded_questions_list_Model]<br>
Locator Doesn't match Proxy element for: DefaultElementLocator 'By.id: VehiclesNew_embedded_questions_list_BodyStyle'
no such element: Unable to locate element: {"method":"css selector","selector":"#VehiclesNew_embedded_questions_list_BodyStyle"}
  (Session info: chrome=101.0.4951.67)
For documentation on this error, please visit: https://selenium.dev/exceptions/#no_such_element
Build info: version: '4.1.3', revision: '7b1ebf28ef'
System info: host: 'LAPTOP-R8RR6QSD', ip: '192.168.1.232', os.name: 'Windows 11', os.arch: 'amd64', os.version: '10.0', java.version: '18.0.1.1'
Driver info: org.openqa.selenium.chrome.ChromeDriver
Command: [363e5847e8be6fec79f17f3ebc0cb8c4, findElement {using=id, value=VehiclesNew_embedded_questions_list_BodyStyle}]
Capabilities {acceptInsecureCerts: false, browserName: chrome, browserVersion: 101.0.4951.67, chrome: {chromedriverVersion: 101.0.4951.41 (93c720db8323..., userDataDir: C:\Users\farmi\AppData\Loca...}, goog:chromeOptions: {debuggerAddress: localhost:63971}, javascriptEnabled: true, networkConnectionEnabled: false, pageLoadStrategy: normal, platform: WINDOWS, platformName: WINDOWS, proxy: Proxy(), se:cdp: ws://localhost:63971/devtoo..., se:cdpVersion: 101.0.4951.67, setWindowRect: true, strictFileInteractability: false, timeouts: {implicit: 0, pageLoad: 300000, script: 30000}, unhandledPromptBehavior: dismiss and notify, webauthn:extension:credBlob: true, webauthn:extension:largeBlob: true, webauthn:virtualAuthenticators: true}
Session ID: 363e5847e8be6fec79f17f3ebc0cb8c4<br>]]>
  </system-out>
</testsuite> <!-- pncbank.com.qa.test.AutoTestRobust -->
